  Parsing headers for Bomberman0Editor
    Running UnrealHeaderTool "M:\Proyectos\Bomberman0\Bomberman0.uproject" "M:\Proyectos\Bomberman0\Intermediate\Build\Win64\Bomberman0Editor\Development\Bomberman0Editor.uhtmanifest" -LogCmds="loginit warning, logexit warning, logdatabase error" -Unattended -WarningsAsErrors -installed
  Reflection code generated for Bomberman0Editor in 8.7529594 seconds
  Deleted hot-reload file: M:\Proyectos\Bomberman0\Binaries\Win64\UE4Editor-Bomberman0-0008.dll
  Deleted hot-reload file: M:\Proyectos\Bomberman0\Binaries\Win64\UE4Editor-Bomberman0-0009.dll
  Deleted hot-reload file: M:\Proyectos\Bomberman0\Binaries\Win64\UE4Editor-Bomberman0-0010.dll
  Deleted hot-reload file: M:\Proyectos\Bomberman0\Binaries\Win64\UE4Editor-Bomberman0-0012.dll
  Deleted hot-reload file: M:\Proyectos\Bomberman0\Binaries\Win64\UE4Editor-Bomberman0-0013.dll
  Deleted hot-reload file: M:\Proyectos\Bomberman0\Binaries\Win64\UE4Editor-Bomberman0-0016.dll
  Deleted hot-reload file: M:\Proyectos\Bomberman0\Binaries\Win64\UE4Editor-Bomberman0-0017.dll
  Deleted hot-reload file: M:\Proyectos\Bomberman0\Binaries\Win64\UE4Editor-Bomberman0-0018.dll
  Deleted hot-reload file: M:\Proyectos\Bomberman0\Binaries\Win64\UE4Editor-Bomberman0-0019.dll
  Deleted hot-reload file: M:\Proyectos\Bomberman0\Binaries\Win64\UE4Editor-Bomberman0-0020.dll
  Deleted hot-reload file: M:\Proyectos\Bomberman0\Binaries\Win64\UE4Editor-Bomberman0-0021.dll
  Deleted hot-reload file: M:\Proyectos\Bomberman0\Binaries\Win64\UE4Editor-Bomberman0-0022.dll
  Deleted hot-reload file: M:\Proyectos\Bomberman0\Binaries\Win64\UE4Editor-Bomberman0-0023.dll
  Deleted hot-reload file: M:\Proyectos\Bomberman0\Binaries\Win64\UE4Editor-Bomberman0-0024.dll
  Deleted hot-reload file: M:\Proyectos\Bomberman0\Binaries\Win64\UE4Editor-Bomberman0-0026.dll
  Deleted hot-reload file: M:\Proyectos\Bomberman0\Binaries\Win64\UE4Editor-Bomberman0-0034.dll
  Deleted hot-reload file: M:\Proyectos\Bomberman0\Binaries\Win64\UE4Editor-Bomberman0-0035.dll
  Deleted hot-reload file: M:\Proyectos\Bomberman0\Intermediate\Build\Win64\UE4Editor\Development\Bomberman0\UE4Editor-Bomberman0-0008.lib
  Deleted hot-reload file: M:\Proyectos\Bomberman0\Intermediate\Build\Win64\UE4Editor\Development\Bomberman0\UE4Editor-Bomberman0-0009.lib
  Deleted hot-reload file: M:\Proyectos\Bomberman0\Intermediate\Build\Win64\UE4Editor\Development\Bomberman0\UE4Editor-Bomberman0-0010.lib
  Deleted hot-reload file: M:\Proyectos\Bomberman0\Intermediate\Build\Win64\UE4Editor\Development\Bomberman0\UE4Editor-Bomberman0-0012.lib
  Deleted hot-reload file: M:\Proyectos\Bomberman0\Intermediate\Build\Win64\UE4Editor\Development\Bomberman0\UE4Editor-Bomberman0-0013.lib
  Deleted hot-reload file: M:\Proyectos\Bomberman0\Intermediate\Build\Win64\UE4Editor\Development\Bomberman0\UE4Editor-Bomberman0-0016.lib
  Deleted hot-reload file: M:\Proyectos\Bomberman0\Intermediate\Build\Win64\UE4Editor\Development\Bomberman0\UE4Editor-Bomberman0-0017.lib
  Deleted hot-reload file: M:\Proyectos\Bomberman0\Intermediate\Build\Win64\UE4Editor\Development\Bomberman0\UE4Editor-Bomberman0-0018.lib
  Deleted hot-reload file: M:\Proyectos\Bomberman0\Intermediate\Build\Win64\UE4Editor\Development\Bomberman0\UE4Editor-Bomberman0-0019.lib
  Deleted hot-reload file: M:\Proyectos\Bomberman0\Intermediate\Build\Win64\UE4Editor\Development\Bomberman0\UE4Editor-Bomberman0-0020.lib
  Deleted hot-reload file: M:\Proyectos\Bomberman0\Intermediate\Build\Win64\UE4Editor\Development\Bomberman0\UE4Editor-Bomberman0-0021.lib
  Deleted hot-reload file: M:\Proyectos\Bomberman0\Intermediate\Build\Win64\UE4Editor\Development\Bomberman0\UE4Editor-Bomberman0-0022.lib
  Deleted hot-reload file: M:\Proyectos\Bomberman0\Intermediate\Build\Win64\UE4Editor\Development\Bomberman0\UE4Editor-Bomberman0-0023.lib
  Deleted hot-reload file: M:\Proyectos\Bomberman0\Intermediate\Build\Win64\UE4Editor\Development\Bomberman0\UE4Editor-Bomberman0-0024.lib
  Deleted hot-reload file: M:\Proyectos\Bomberman0\Intermediate\Build\Win64\UE4Editor\Development\Bomberman0\UE4Editor-Bomberman0-0026.lib
  Deleted hot-reload file: M:\Proyectos\Bomberman0\Intermediate\Build\Win64\UE4Editor\Development\Bomberman0\UE4Editor-Bomberman0-0034.lib
  Deleted hot-reload file: M:\Proyectos\Bomberman0\Intermediate\Build\Win64\UE4Editor\Development\Bomberman0\UE4Editor-Bomberman0-0035.lib
  Building Bomberman0Editor...
  Using Visual Studio 2019 14.26.28806 toolchain (M:\VIsual\VC\Tools\MSVC\14.26.28801) and Windows 10.0.18362.0 SDK (C:\Program Files (x86)\Windows Kits\10).
  [Upgrade]
  [Upgrade] Using backward-compatible build settings. The latest version of UE4 sets the following values by default, which may require code changes:
  [Upgrade]     bLegacyPublicIncludePaths = false                 => Omits subfolders from public include paths to reduce compiler command line length. (Previously: true).
  [Upgrade]     ShadowVariableWarningLevel = WarningLevel.Error   => Treats shadowed variable warnings as errors. (Previously: WarningLevel.Warning).
  [Upgrade]     PCHUsage = PCHUsageMode.UseExplicitOrSharedPCHs   => Set in build.cs files to enables IWYU-style PCH model. See https://docs.unrealengine.com/en-US/Programming/BuildTools/UnrealBuildTool/IWYU/index.html. (Previously: PCHUsageMode.UseSharedPCHs).
  [Upgrade] Suppress this message by setting 'DefaultBuildSettings = BuildSettingsVersion.V2;' in Bomberman0Editor.Target.cs, and explicitly overriding settings that differ from the new defaults.
  [Upgrade]
  Building 3 actions with 16 processes...
    [1/3] UE4Editor-Bomberman0.lib
       Creando biblioteca M:\Proyectos\Bomberman0\Intermediate\Build\Win64\UE4Editor\Development\Bomberman0\UE4Editor-Bomberman0.lib y objeto M:\Proyectos\Bomberman0\Intermediate\Build\Win64\UE4Editor\Development\Bomberman0\UE4Editor-Bomberman0.exp
    [2/3] UE4Editor-Bomberman0.dll
       Creando biblioteca M:\Proyectos\Bomberman0\Intermediate\Build\Win64\UE4Editor\Development\Bomberman0\UE4Editor-Bomberman0.suppressed.lib y objeto M:\Proyectos\Bomberman0\Intermediate\Build\Win64\UE4Editor\Development\Bomberman0\UE4Editor-Bomberman0.suppressed.exp
    [3/3] Bomberman0Editor.target
  Total time in Parallel executor: 2.49 seconds
  Total execution time: 12.47 seconds
