"../../../../Proyectos/Bomberman0/Content/bomb/BombText.uasset" 0
"../../../../Proyectos/Bomberman0/Content/bomb/BombM1.uasset" 1
"../../../../Proyectos/Bomberman0/Content/bomb/BombMesh.uasset" 2
"../../../../Proyectos/Bomberman0/Content/BluprintsH/MyBomb.uasset" 3
"../../../../Proyectos/Bomberman0/Content/CharMesh/cat/Material.uasset" 4
"../../../../Proyectos/Bomberman0/Content/CharMesh/cat/Material_001.uasset" 5
"../../../../Proyectos/Bomberman0/Content/CharMesh/cat/Material_002.uasset" 6
"../../../../Proyectos/Bomberman0/Content/CharMesh/cat/Material_003.uasset" 7
"../../../../Proyectos/Bomberman0/Content/CharMesh/cat/Material_004.uasset" 8
"../../../../Proyectos/Bomberman0/Content/CharMesh/cat/Material_005.uasset" 9
"../../../../Proyectos/Bomberman0/Content/CharMesh/cat/Material_006.uasset" 10
"../../../../Proyectos/Bomberman0/Content/CharMesh/cat/Material_007.uasset" 11
"../../../../Proyectos/Bomberman0/Content/CharMesh/cat/Material_008.uasset" 12
"../../../../Proyectos/Bomberman0/Content/CharMesh/cat/Gato__v3fbx_PhysicsAsset.uasset" 13
"../../../../Proyectos/Bomberman0/Content/CharMesh/cat/Gato__v3fbx_Skeleton.uasset" 14
"../../../../Proyectos/Bomberman0/Content/CharMesh/cat/Gato__v3fbx.uasset" 15
"../../../../Proyectos/Bomberman0/Content/UI/Death.uasset" 16
"../../../../Proyectos/Bomberman0/Content/BluprintsH/Bomber_BP.uasset" 17
"../../../../Proyectos/Bomberman0/Content/BluprintsH/GameMode_BP.uasset" 18
"../../../../Proyectos/Bomberman0/Content/CharMesh/Beta_HighLimbsGeoSG2.uasset" 19
"../../../../Proyectos/Bomberman0/Content/CharMesh/Beta_Joints_MAT.uasset" 20
"../../../../Proyectos/Bomberman0/Content/CharMesh/Walking_PhysicsAsset.uasset" 21
"../../../../Proyectos/Bomberman0/Content/CharMesh/Walking_Skeleton.uasset" 22
"../../../../Proyectos/Bomberman0/Content/CharMesh/Walking.uasset" 23
"../../../../Proyectos/Bomberman0/Content/CharMesh/Walking_Anim_mixamo_com.uasset" 24
"../../../../Proyectos/Bomberman0/Content/CharMesh/Walking_Anim_Take_001.uasset" 25
"../../../../Proyectos/Bomberman0/Content/StarterContent/Materials/M_Basic_Wall.uasset" 26
"../../../../Proyectos/Bomberman0/Content/StarterContent/Architecture/Pillar_50x500.uasset" 27
"../../../../Proyectos/Bomberman0/Content/StarterContent/Architecture/Wall_400x300.uasset" 28
"../../../../Proyectos/Bomberman0/Content/StarterContent/Architecture/Wall_400x400.uasset" 29
"../../../../Proyectos/Bomberman0/Content/StarterContent/Architecture/Wall_500x500.uasset" 30
"../../../../Proyectos/Bomberman0/Content/StarterContent/Architecture/Wall_Door_400x400.uasset" 31
"../../../../Proyectos/Bomberman0/Content/StarterContent/Architecture/Wall_Window_400x400.uasset" 32
"../../../../Proyectos/Bomberman0/Content/StarterContent/Audio/Collapse01.uasset" 33
"../../../../Proyectos/Bomberman0/Content/StarterContent/Audio/Collapse02.uasset" 34
"../../../../Proyectos/Bomberman0/Content/StarterContent/Audio/Explosion01.uasset" 35
"../../../../Proyectos/Bomberman0/Content/StarterContent/Audio/Explosion02.uasset" 36
"../../../../Proyectos/Bomberman0/Content/StarterContent/Audio/Fire01.uasset" 37
"../../../../Proyectos/Bomberman0/Content/StarterContent/Audio/Fire_Sparks01.uasset" 38
"../../../../Proyectos/Bomberman0/Content/StarterContent/Audio/Light01.uasset" 39
"../../../../Proyectos/Bomberman0/Content/StarterContent/Audio/Light01_Cue.uasset" 40
"../../../../Proyectos/Bomberman0/Content/StarterContent/Audio/Light02.uasset" 41
"../../../../Proyectos/Bomberman0/Content/StarterContent/Audio/Light02_Cue.uasset" 42
"../../../../Proyectos/Bomberman0/Content/StarterContent/Audio/Smoke01.uasset" 43
"../../../../Proyectos/Bomberman0/Content/StarterContent/Audio/Starter_Birds01.uasset" 44
"../../../../Proyectos/Bomberman0/Content/StarterContent/Audio/Starter_Music01.uasset" 45
"../../../../Proyectos/Bomberman0/Content/StarterContent/Audio/Starter_Wind05.uasset" 46
"../../../../Proyectos/Bomberman0/Content/StarterContent/Audio/Starter_Wind06.uasset" 47
"../../../../Proyectos/Bomberman0/Content/StarterContent/Audio/Steam01.uasset" 48
"../../../../Proyectos/Bomberman0/Content/StarterContent/Audio/Explosion_Cue.uasset" 49
"../../../../Proyectos/Bomberman0/Content/StarterContent/Textures/T_Burst_M.uasset" 50
"../../../../Proyectos/Bomberman0/Content/StarterContent/Particles/Materials/M_Burst.uasset" 51
"../../../../Proyectos/Bomberman0/Content/StarterContent/Textures/T_Explosion_SubUV.uasset" 52
"../../../../Proyectos/Bomberman0/Content/StarterContent/Particles/Materials/M_explosion_subUV.uasset" 53
"../../../../Proyectos/Bomberman0/Content/StarterContent/Particles/Materials/m_flare_01.uasset" 54
"../../../Engine/Content/Functions/Engine_MaterialFunctions01/Gradient/RadialGradient.uasset" 55
"../../../../Proyectos/Bomberman0/Content/StarterContent/Particles/Materials/M_radial_ramp.uasset" 56
"../../../../Proyectos/Bomberman0/Content/StarterContent/Textures/T_Smoke_SubUV.uasset" 57
"../../../../Proyectos/Bomberman0/Content/StarterContent/Textures/T_Smoke_Tiled_D.uasset" 58
"../../../../Proyectos/Bomberman0/Content/StarterContent/Particles/Materials/M_smoke_subUV.uasset" 59
"../../../../Proyectos/Bomberman0/Content/StarterContent/Particles/P_Explosion.uasset" 60
"../../../../Proyectos/Bomberman0/Content/StarterContent/Blueprints/Blueprint_Effect_Explosion.uasset" 61
"../../../Engine/Content/EditorMeshes/ColorCalibrator/T_ColorGrid.uasset" 62
"../../../../Proyectos/Bomberman0/Content/StarterContent/Materials/M_ColorGrid_LowSpec.uasset" 63
"../../../../Proyectos/Bomberman0/Content/StarterContent/Textures/T_Bush_D.uasset" 64
"../../../../Proyectos/Bomberman0/Content/StarterContent/Textures/T_Bush_N.uasset" 65
"../../../../Proyectos/Bomberman0/Content/StarterContent/Props/Materials/M_Bush.uasset" 66
"../../../../Proyectos/Bomberman0/Content/StarterContent/Props/SM_Bush.uasset" 67
"../../../../Proyectos/Bomberman0/Content/StarterContent/Textures/T_Chair_M.uasset" 68
"../../../../Proyectos/Bomberman0/Content/StarterContent/Textures/T_Chair_N.uasset" 69
"../../../../Proyectos/Bomberman0/Content/StarterContent/Props/Materials/M_Chair.uasset" 70
"../../../../Proyectos/Bomberman0/Content/StarterContent/Props/SM_Couch.uasset" 71
"../../../../Proyectos/Bomberman0/Content/StarterContent/Materials/M_Glass.uasset" 72
"../../../../Proyectos/Bomberman0/Content/StarterContent/Textures/T_Door_M.uasset" 73
"../../../../Proyectos/Bomberman0/Content/StarterContent/Textures/T_Door_N.uasset" 74
"../../../../Proyectos/Bomberman0/Content/StarterContent/Props/Materials/M_Door.uasset" 75
"../../../../Proyectos/Bomberman0/Content/StarterContent/Props/SM_Door.uasset" 76
"../../../../Proyectos/Bomberman0/Content/StarterContent/Props/Materials/M_MaterialSphere.uasset" 77
"../../../../Proyectos/Bomberman0/Content/StarterContent/Props/Materials/M_MaterialSphere_Plain.uasset" 78
"../../../../Proyectos/Bomberman0/Content/StarterContent/Props/SM_MatPreviewMesh_02.uasset" 79
"../../../Engine/Content/Functions/Engine_MaterialFunctions02/Utility/BlendAngleCorrectedNormals.uasset" 80
"../../../../Proyectos/Bomberman0/Content/StarterContent/Textures/T_Detail_Rocky_N.uasset" 81
"../../../../Proyectos/Bomberman0/Content/StarterContent/Textures/T_Rock_Basalt_D.uasset" 82
"../../../../Proyectos/Bomberman0/Content/StarterContent/Textures/T_RockMesh_M.uasset" 83
"../../../../Proyectos/Bomberman0/Content/StarterContent/Textures/T_RockMesh_N.uasset" 84
"../../../../Proyectos/Bomberman0/Content/StarterContent/Props/Materials/M_Rock.uasset" 85
"../../../../Proyectos/Bomberman0/Content/StarterContent/Props/SM_Rock.uasset" 86
"../../../../Proyectos/Bomberman0/Content/StarterContent/Textures/T_Shelf_M.uasset" 87
"../../../../Proyectos/Bomberman0/Content/StarterContent/Textures/T_Shelf_N.uasset" 88
"../../../../Proyectos/Bomberman0/Content/StarterContent/Props/Materials/M_Shelf.uasset" 89
"../../../../Proyectos/Bomberman0/Content/StarterContent/Props/SM_Shelf.uasset" 90
"../../../../Proyectos/Bomberman0/Content/StarterContent/Materials/M_Basic_Floor.uasset" 91
"../../../../Proyectos/Bomberman0/Content/StarterContent/Props/SM_Stairs.uasset" 92
"../../../../Proyectos/Bomberman0/Content/StarterContent/Shapes/Shape_Cone.uasset" 93
"../../../../Proyectos/Bomberman0/Content/StarterContent/Shapes/Shape_Cylinder.uasset" 94
"../../../../Proyectos/Bomberman0/Content/StarterContent/Shapes/Shape_NarrowCapsule.uasset" 95
"../../../../Proyectos/Bomberman0/Content/StarterContent/Shapes/Shape_Pipe.uasset" 96
"../../../../Proyectos/Bomberman0/Content/StarterContent/Shapes/Shape_Pipe_180.uasset" 97
"../../../../Proyectos/Bomberman0/Content/StarterContent/Shapes/Shape_Pipe_90.uasset" 98
"../../../../Proyectos/Bomberman0/Content/StarterContent/Shapes/Shape_Plane.uasset" 99
"../../../../Proyectos/Bomberman0/Content/StarterContent/Shapes/Shape_Torus.uasset" 100
"../../../../Proyectos/Bomberman0/Content/StarterContent/Shapes/Shape_Trim.uasset" 101
"../../../../Proyectos/Bomberman0/Content/StarterContent/Shapes/Shape_Trim_90_In.uasset" 102
"../../../../Proyectos/Bomberman0/Content/StarterContent/Shapes/Shape_Trim_90_Out.uasset" 103
"../../../../Proyectos/Bomberman0/Content/StarterContent/Shapes/Shape_TriPyramid.uasset" 104
"../../../../Proyectos/Bomberman0/Content/StarterContent/Shapes/Shape_Tube.uasset" 105
"../../../../Proyectos/Bomberman0/Content/StarterContent/Shapes/Shape_Wedge_A.uasset" 106
"../../../../Proyectos/Bomberman0/Content/StarterContent/Shapes/Shape_Wedge_B.uasset" 107
"../../../../Proyectos/Bomberman0/Content/StarterContent/Shapes/Shape_WideCapsule.uasset" 108
"../../../Engine/Content/Functions/Engine_MaterialFunctions01/Opacity/CameraDepthFade.uasset" 109
"../../../Engine/Content/EngineMaterials/T_Default_Material_Grid_M.uasset" 110
"../../../Engine/Content/EngineMaterials/T_Default_Material_Grid_N.uasset" 111
"../../../Engine/Content/EngineMaterials/WorldGridMaterial.uasset" 112
"../../../../Proyectos/Bomberman0/Content/bomb/Material_001.uasset" 113
"../../../../Proyectos/Bomberman0/Content/Try/Cube.uasset" 114
"../../../../Proyectos/Bomberman0/Content/Try/Cube_DM.uasset" 115
"../../../Engine/Content/Animation/DefaultAnimCurveCompressionSettings.uasset" 116
"../../../Engine/Content/ArtTools/RenderToTexture/Meshes/S_1_Unit_Plane.uasset" 117
"../../../Engine/Content/EngineMaterials/DefaultMaterial.uasset" 118
"../../../Engine/Content/BasicShapes/Cone.uasset" 119
"../../../Engine/Content/EditorLandscapeResources/DataLayer.uasset" 120
"../../../Engine/Content/EditorMaterials/MAT_Groups_Toggle.uasset" 121
"../../../Engine/Content/EditorMaterials/MAT_Groups_Visibility.uasset" 122
"../../../Engine/Content/EditorMaterials/PreviewShadowIndicator.uasset" 123
"../../../Engine/Content/EditorMaterials/PreviewShadowIndicatorMaterial.uasset" 124
"../../../Engine/Content/EditorMaterials/MatineeGroups/MAT_ColorTrack.uasset" 125
"../../../Engine/Content/EditorMaterials/MatineeGroups/MAT_Groups_Anim.uasset" 126
"../../../Engine/Content/EditorMaterials/MatineeGroups/MAT_Groups_AudioMaster.uasset" 127
"../../../Engine/Content/EditorMaterials/MatineeGroups/MAT_Groups_Director.uasset" 128
"../../../Engine/Content/EditorMaterials/MatineeGroups/MAT_Groups_Event.uasset" 129
"../../../Engine/Content/EditorMaterials/MatineeGroups/MAT_Groups_Fade.uasset" 130
"../../../Engine/Content/EditorMaterials/MatineeGroups/MAT_Groups_Float.uasset" 131
"../../../Engine/Content/EditorMaterials/MatineeGroups/MAT_Groups_Move.uasset" 132
"../../../Engine/Content/EditorMaterials/MatineeGroups/MAT_Groups_Slomo.uasset" 133
"../../../Engine/Content/EditorMaterials/MatineeGroups/MAT_Groups_Sound.uasset" 134
"../../../Engine/Content/EditorMaterials/MatineeGroups/MAT_Groups_Vector.uasset" 135
"../../../Engine/Content/EditorMaterials/ParticleSystems/PSysThumbnail_NoImage.uasset" 136
"../../../Engine/Content/EditorMaterials/ParticleSystems/PSysThumbnail_OOD.uasset" 137
"../../../Engine/Content/EditorMaterials/Camera/CineMat.uasset" 138
"../../../Engine/Content/EditorMaterials/Camera/MI_CineMat_Rig.uasset" 139
"../../../Engine/Content/EditorMeshes/Camera/SM_CraneRig_Arm.uasset" 140
"../../../Engine/Content/EditorMeshes/Camera/SM_CraneRig_Base.uasset" 141
"../../../Engine/Content/EditorMeshes/Camera/SM_CraneRig_Body.uasset" 142
"../../../Engine/Content/EditorMeshes/Camera/SM_CraneRig_Mount.uasset" 143
"../../../Engine/Content/EditorMeshes/Camera/SM_RailRig_Mount.uasset" 144
"../../../Engine/Content/EditorMeshes/Camera/SM_RailRig_Track.uasset" 145
"../../../Engine/Content/EditorResources/BSPVertex.uasset" 146
"../../../Engine/Content/EditorResources/EmptyActor.uasset" 147
"../../../Engine/Content/EditorResources/S_Actor.uasset" 148
"../../../Engine/Content/EditorResources/S_Note.uasset" 149
"../../../Engine/Content/EditorResources/S_Solver.uasset" 150
"../../../Engine/Content/EditorResources/S_Trigger.uasset" 151
"../../../Engine/Content/EditorResources/AudioIcons/S_AudioComponent.uasset" 152
"../../../Engine/Content/EditorResources/AudioIcons/S_AudioComponent_AutoActivate.uasset" 153
"../../../Engine/Content/EditorResources/LightIcons/S_LightError.uasset" 154
"../../../Engine/Content/EditorResources/SequenceRecorder/Countdown.uasset" 155
"../../../Engine/Content/EditorResources/SequenceRecorder/RecordingIndicator.uasset" 156
"../../../Engine/Content/EditorSounds/Notifications/CompileFailed.uasset" 157
"../../../Engine/Content/EditorSounds/Notifications/CompileFailed_Cue.uasset" 158
"../../../Engine/Content/EditorSounds/Notifications/CompileSuccess.uasset" 159
"../../../Engine/Content/EditorSounds/Notifications/CompileStart_Cue.uasset" 160
"../../../Engine/Content/EditorSounds/Notifications/CompileSuccess_Cue.uasset" 161
"../../../Engine/Content/EngineDamageTypes/DmgTypeBP_Environmental.uasset" 162
"../../../Engine/Content/EngineDebugMaterials/DebugEditorMaterial.uasset" 163
"../../../Engine/Content/EngineDebugMaterials/DebugMeshMaterial.uasset" 164
"../../../Engine/Content/EngineDebugMaterials/M_SimpleTranslucent.uasset" 165
"../../../Engine/Content/Functions/Engine_MaterialFunctions02/Utility/CameraDirectionVector.uasset" 166
"../../../Engine/Content/EngineDebugMaterials/VolumeToRender.uasset" 167
"../../../Engine/Content/EngineDebugMaterials/M_VolumeRenderSphereTracePP.uasset" 168
"../../../Engine/Content/EngineDebugMaterials/WireframeMaterial.uasset" 169
"../../../Engine/Content/EngineFonts/Faces/DroidSansFallback.uasset" 170
"../../../Engine/Content/EngineFonts/Faces/RobotoBold.uasset" 171
"../../../Engine/Content/EngineFonts/Faces/RobotoBoldItalic.uasset" 172
"../../../Engine/Content/EngineFonts/Faces/RobotoItalic.uasset" 173
"../../../Engine/Content/EngineFonts/Faces/RobotoLight.uasset" 174
"../../../Engine/Content/EngineFonts/Faces/RobotoRegular.uasset" 175
"../../../Engine/Content/EngineFonts/Roboto.uasset" 176
"../../../Engine/Content/EngineMaterials/BaseFlattenDiffuseMap.uasset" 177
"../../../Engine/Content/EngineMaterials/BaseFlattenEmissiveMap.uasset" 178
"../../../Engine/Content/EngineMaterials/BaseFlattenGrayscaleMap.uasset" 179
"../../../Engine/Content/EngineMaterials/BaseFlattenNormalMap.uasset" 180
"../../../Engine/Content/EngineMaterials/BaseFlattenMaterial.uasset" 181
"../../../Engine/Content/EngineMaterials/BlueNoise.uasset" 182
"../../../Engine/Content/EngineMaterials/DefaultBloomKernel.uasset" 183
"../../../Engine/Content/EngineMaterials/DefaultBokeh.uasset" 184
"../../../Engine/Content/EngineMaterials/DefaultDiffuse.uasset" 185
"../../../Engine/Content/EngineMaterials/DefaultDeferredDecalMaterial.uasset" 186
"../../../Engine/Content/EngineMaterials/DefaultLightFunctionMaterial.uasset" 187
"../../../Engine/Content/EngineMaterials/DefaultPhysicalMaterial.uasset" 188
"../../../Engine/Content/Functions/Engine_MaterialFunctions02/Utility/BreakOutFloat2Components.uasset" 189
"../../../Engine/Content/EngineMaterials/DefaultPostProcessMaterial.uasset" 190
"../../../Engine/Content/EngineFonts/RobotoDistanceField.uasset" 191
"../../../Engine/Content/EngineMaterials/DefaultTextMaterialOpaque.uasset" 192
"../../../Engine/Content/EngineMaterials/DefaultVirtualTextureMaterial.uasset" 193
"../../../Engine/Content/EngineMaterials/DefaultWhiteGrid.uasset" 194
"../../../Engine/Content/EngineMaterials/DefaultWhiteGrid_Low.uasset" 195
"../../../Engine/Content/EngineMaterials/EmissiveMeshMaterial.uasset" 196
"../../../Engine/Content/EngineMaterials/GizmoMaterial.uasset" 197
"../../../Engine/Content/EngineMaterials/Good64x64TilingNoiseHighFreq.uasset" 198
"../../../Engine/Content/EngineMaterials/HairDefaultMaterial.uasset" 199
"../../../Engine/Content/EngineMaterials/MiniFont.uasset" 200
"../../../Engine/Content/EngineMaterials/InvalidLightmapSettings.uasset" 201
"../../../Engine/Content/EngineMaterials/M_InvalidLightmapSettings.uasset" 202
"../../../Engine/Content/Functions/Engine_MaterialFunctions02/WorldPositionOffset/CameraOffset.uasset" 203
"../../../Engine/Content/EngineMaterials/PhAT_JointLimitMaterial.uasset" 204
"../../../Engine/Content/EngineMaterials/PreintegratedSkinBRDF.uasset" 205
"../../../Engine/Content/EngineMaterials/RemoveSurfaceMaterial.uasset" 206
"../../../Engine/Content/EngineMaterials/WeightMapPlaceholderTexture.uasset" 207
"../../../Engine/Content/EngineResources/WhiteSquareTexture.uasset" 208
"../../../Engine/Content/EngineMaterials/Widget3DPassThrough.uasset" 209
"../../../Engine/Content/EngineMaterials/Widget3DPassThrough_Masked.uasset" 210
"../../../Engine/Content/EngineMaterials/Widget3DPassThrough_Opaque.uasset" 211
"../../../Engine/Content/EngineMaterials/Widget3DPassThrough_Masked_OneSided.uasset" 212
"../../../Engine/Content/EngineMaterials/Widget3DPassThrough_Opaque_OneSided.uasset" 213
"../../../Engine/Content/EngineMaterials/Widget3DPassThrough_Translucent.uasset" 214
"../../../Engine/Content/EngineMaterials/Widget3DPassThrough_Translucent_OneSided.uasset" 215
"../../../Engine/Content/EngineMeshes/Cylinder.uasset" 216
"../../../Engine/Content/EngineMeshes/Sphere.uasset" 217
"../../../Engine/Content/EngineResources/Black.uasset" 218
"../../../Engine/Content/EngineResources/DefaultTexture.uasset" 219
"../../../Engine/Content/EngineResources/DefaultTextureCube.uasset" 220
"../../../Engine/Content/EngineResources/DefaultVolumeTexture2D.uasset" 221
"../../../Engine/Content/EngineResources/DefaultVolumeTexture.uasset" 222
"../../../Engine/Content/EngineResources/GradientTexture0.uasset" 223
"../../../Engine/Content/EngineSounds/Master.uasset" 224
"../../../Engine/Content/Functions/Engine_MaterialFunctions01/Shading/ConvertFromDiffSpec.uasset" 225
"../../../Engine/Content/Functions/Engine_MaterialFunctions01/Shading/PowerToRoughness.uasset" 226
"../../../Engine/Content/Maps/Templates/Thumbnails/Default.uasset" 227
"../../../Engine/Content/Maps/Templates/Thumbnails/TimeOfDay.uasset" 228
"../../../Engine/Content/Maps/Templates/Thumbnails/VR-Basic.uasset" 229
"../../../Engine/Content/MobileResources/T_MobileControls_texture.uasset" 230
"../../../Engine/Content/MobileResources/T_MobileMenu2.uasset" 231
"../../../Engine/Content/MobileResources/HUD/AnalogHat.uasset" 232
"../../../Engine/Content/MobileResources/HUD/VirtualJoystick_Background.uasset" 233
"../../../Engine/Content/MobileResources/HUD/VirtualJoystick_Thumb.uasset" 234
"../../../Engine/Content/MobileResources/HUD/DefaultVirtualJoysticks.uasset" 235
"../../../Engine/Content/MobileResources/HUD/LeftVirtualJoystickOnly.uasset" 236
"../../../Engine/Content/MobileResources/HUD/MobileHUDButton1_off.uasset" 237
"../../../Engine/Content/MobileResources/HUD/MobileHUDButton1_on.uasset" 238
"../../../Engine/Content/MobileResources/HUD/MobileHUDButton2_off.uasset" 239
"../../../Engine/Content/MobileResources/HUD/MobileHUDButton2_on.uasset" 240
"../../../Engine/Content/MobileResources/HUD/MobileHUDButton3.uasset" 241
"../../../Engine/Content/MobileResources/HUD/MobileHUDButtonFire.uasset" 242
"../../../Engine/Content/MobileResources/HUD/MobileHUDDirectionPad.uasset" 243
"../../../Engine/Content/MobileResources/HUD/MobileHUDDirectionPad2.uasset" 244
"../../../Engine/Content/MobileResources/HUD/MobileHUDDirectionPad3.uasset" 245
"../../../Engine/Content/MobileResources/HUD/MobileHUDDirectionStick.uasset" 246
"../../../Engine/Content/MobileResources/HUD/T_Castle_ThumbstickInner.uasset" 247
"../../../Engine/Content/MobileResources/HUD/T_Castle_ThumbstickOutter.uasset" 248
"../../../Engine/Content/Tutorial/ContentIntroCurve.uasset" 249
"../../../Engine/Content/Tutorial/Basics/LevelEditorAttract.uasset" 250
"../../../Engine/Content/Tutorial/Basics/TutorialAssets/icon_tab_Levels_40x.uasset" 251
"../../../Engine/Content/Tutorial/Basics/LevelEditorOverview.uasset" 252
"../../../Engine/Content/Tutorial/Basics/TutorialAssets/CameraActor_64x.uasset" 253
"../../../Engine/Content/Tutorial/Basics/ViewportsTutorial.uasset" 254
"../../../Engine/Content/Tutorial/BlueprintTutorials/TutorialAssets/Blueprint_64x.uasset" 255
"../../../Engine/Content/Tutorial/BlueprintTutorials/BlueprintEditorTutorial.uasset" 256
"../../../Engine/Content/Tutorial/InWorldBlueprintEditing/IWBE_Tutorial.uasset" 257
"../../../Engine/Content/Tutorial/InWorldBlueprintEditing/IWBE_Tutorial_Part2.uasset" 258
"../../../Engine/Content/Tutorial/InWorldBlueprintEditing/IWBE_Tutorial_Part3.uasset" 259
"../../../Engine/Content/Tutorial/Landscape/TutorialAssets/Landscape.uasset" 260
"../../../Engine/Content/Tutorial/Landscape/LandscapeWalkThrough.uasset" 261
"../../../Engine/Content/Tutorial/Landscape/Landscape_Manage_Mode.uasset" 262
"../../../Engine/Content/EditorBlueprintResources/StandardMacros.uasset" 263
"../../../Engine/Content/Tutorial/Landscape/Landscape_Painting_Mode.uasset" 264
"../../../Engine/Content/Tutorial/Landscape/Landscape_Sculpt_Mode.uasset" 265
"../../../Engine/Content/Tutorial/SubEditors/ParticleSystemEditorTutorial.uasset" 266
"../../../Engine/Content/Tutorial/SubEditors/TutorialAssets/T_SmokeSubUV_8X8.uasset" 267
"../../../Engine/Content/Tutorial/SubEditors/TutorialAssets/T_soft_smoke.uasset" 268
"../../../Engine/Content/Tutorial/SubEditors/TutorialAssets/M_smoke_subUV_blackbody.uasset" 269
"../../../Engine/Content/Tutorial/SubEditors/TutorialAssets/TutorialParticleSystem.uasset" 270
"../../../Engine/Content/VREditor/LaserPointer/VR_LaserPower_01.uasset" 271
"../../../Engine/Content/VREditor/TransformGizmo/TransformGizmoMaterial.uasset" 272
"../../../Engine/Content/VREditor/TransformGizmo/TranslucentTransformGizmoMaterial.uasset" 273
"../../../Engine/Content/VREditor/TransformGizmo/BoundingBoxCorner.uasset" 274
"../../../Engine/Content/VREditor/TransformGizmo/BoundingBoxEdge.uasset" 275
"../../../Engine/Content/VREditor/TransformGizmo/PlaneTranslationHandle.uasset" 276
"../../../Engine/Content/VREditor/TransformGizmo/Main.uasset" 277
"../../../Engine/Content/VREditor/TransformGizmo/Xray.uasset" 278
"../../../Engine/Content/VREditor/TransformGizmo/SM_Sequencer_Key.uasset" 279
"../../../Engine/Content/VREditor/TransformGizmo/SM_Sequencer_Node.uasset" 280
"../../Plugins/2D/Paper2D/Content/PlaceholderTextures/DummySpriteTexture.uasset" 281
"../../Plugins/2D/Paper2D/Content/DummySprite.uasset" 282
"../../Plugins/2D/Paper2D/Content/DefaultPaperTerrainMaterial.uasset" 283
"../../Plugins/2D/Paper2D/Content/DummySpriteTexture.uasset" 284
"../../Plugins/2D/Paper2D/Content/DefaultSpriteMaterial.uasset" 285
"../../Plugins/2D/Paper2D/Content/MaskedUnlitSpriteMaterial.uasset" 286
"../../Plugins/2D/Paper2D/Content/OpaqueUnlitSpriteMaterial.uasset" 287
"../../../Engine/Content/Functions/Engine_MaterialFunctions02/Utility/BreakOutFloat4Components.uasset" 288
"../../../Engine/Content/Functions/Engine_MaterialFunctions02/Utility/MakeFloat2.uasset" 289
"../../../Engine/Content/Functions/Engine_MaterialFunctions02/Utility/MakeFloat3.uasset" 290
"../../Plugins/Runtime/Oculus/OculusVR/Content/Materials/OculusMR_ChromaKey.uasset" 291
"../../Plugins/Runtime/Oculus/OculusVR/Content/Materials/OculusMR_ChromaKey_Lit.uasset" 292
"../../Plugins/Runtime/Oculus/OculusVR/Content/Materials/OculusMR_OpaqueColoredMaterial.uasset" 293
"../../Plugins/Runtime/Oculus/OculusVR/Content/Materials/OculusMR_WhiteMaterial.uasset" 294
"../../../../Proyectos/Bomberman0/Content/StarterContent/Blueprints/Assets/FogBrightnessLUT.uasset" 295
"../../../../Proyectos/Bomberman0/Content/StarterContent/Blueprints/Assets/SunlightColorLUT.uasset" 296
"../../../../Proyectos/Bomberman0/Content/StarterContent/Blueprints/Assets/M_LightStage_Arrows.uasset" 297
"../../../Engine/Content/MapTemplates/Sky/DaylightAmbientCubemap.uasset" 298
"../../../../Proyectos/Bomberman0/Content/StarterContent/Blueprints/Assets/M_LightStage_Skybox_Master.uasset" 299
"../../../../Proyectos/Bomberman0/Content/StarterContent/Blueprints/Assets/M_LightStage_Skybox_Black.uasset" 300
"../../../../Proyectos/Bomberman0/Content/StarterContent/Blueprints/Assets/M_LightStage_Skybox_HDRI.uasset" 301
"../../../Engine/Content/EditorMaterials/Thumbnails/SkySphereMaterial.uasset" 302
"../../../../Proyectos/Bomberman0/Content/StarterContent/Blueprints/Assets/Skybox.uasset" 303
"../../../../Proyectos/Bomberman0/Content/StarterContent/Blueprints/Assets/SM_Arrows.uasset" 304
"../../../../Proyectos/Bomberman0/Content/StarterContent/HDRI/HDRI_Epic_Courtyard_Daylight.uasset" 305
"../../../../Proyectos/Bomberman0/Content/StarterContent/Blueprints/BP_LightStudio.uasset" 306
"../../../../Proyectos/Bomberman0/Content/StarterContent/Maps/Advanced_Lighting_BuiltData.uasset" 307
"../../../../Proyectos/Bomberman0/Content/StarterContent/Materials/M_AssetPlatform.uasset" 308
"../../../Engine/Content/EditorMeshes/ColorCalibrator/M_ChromeBall.uasset" 309
"../../../Engine/Content/EditorMeshes/ColorCalibrator/M_ClearCoat.uasset" 310
"../../../Engine/Content/EditorMeshes/ColorCalibrator/M_ClearCoatBlack.uasset" 311
"../../../Engine/Content/EditorMeshes/ColorCalibrator/Color_checker.uasset" 312
"../../../Engine/Content/EditorMeshes/ColorCalibrator/M_ColorGrid.uasset" 313
"../../../Engine/Content/EditorMeshes/ColorCalibrator/M_GreyBall.uasset" 314
"../../../Engine/Content/EditorMeshes/ColorCalibrator/SM_ColorCalibrator.uasset" 315
"../../../../Proyectos/Bomberman0/Content/StarterContent/Architecture/SM_AssetPlatform.uasset" 316
"../../../../Proyectos/Bomberman0/Content/StarterContent/Maps/Advanced_Lighting.umap" 317
"../../../../Proyectos/Bomberman0/Content/UI/Fotos/mm.uasset" 318
"../../../../Proyectos/Bomberman0/Content/StarterContent/Maps/MainMenu_BuiltData.uasset" 319
"../../../Engine/Content/BasicShapes/BasicShapeMaterial.uasset" 320
"../../../../Proyectos/Bomberman0/Content/UI/Fotos/NewMediaPlayer.uasset" 321
"../../../../Proyectos/Bomberman0/Content/UI/Fotos/NewMediaPlayer_Video.uasset" 322
"../../../../Proyectos/Bomberman0/Content/UI/Fotos/NewMediaPlayer_Video_Mat.uasset" 323
"../../../Engine/Content/BasicShapes/Cube.uasset" 324
"../../../Engine/Content/BasicShapes/Plane.uasset" 325
"../../../../Proyectos/Bomberman0/Content/UI/Fotos/Menu.uasset" 326
"../../../../Proyectos/Bomberman0/Content/UI/Menu.uasset" 327
"../../../../Proyectos/Bomberman0/Content/StarterContent/Maps/MainMenu.umap" 328
"../../../Engine/Content/EngineSky/C_Sky_Cloud_Color.uasset" 329
"../../../Engine/Content/EngineSky/C_Sky_Horizon_Color.uasset" 330
"../../../Engine/Content/EngineSky/C_Sky_Zenith_Color.uasset" 331
"../../../Engine/Content/EngineSky/T_Sky_Blue.uasset" 332
"../../../Engine/Content/EngineSky/T_Sky_Clouds_M.uasset" 333
"../../../Engine/Content/EngineSky/T_Sky_Stars.uasset" 334
"../../../Engine/Content/EngineSky/M_Sky_Panning_Clouds2.uasset" 335
"../../../Engine/Content/EngineSky/SM_SkySphere.uasset" 336
"../../../Engine/Content/EngineSky/BP_Sky_Sphere.uasset" 337
"../../../../Proyectos/Bomberman0/Content/StarterContent/Textures/T_MacroVariation.uasset" 338
"../../../../Proyectos/Bomberman0/Content/StarterContent/Materials/M_Metal_Brushed_Nickel.uasset" 339
"../../../../Proyectos/Bomberman0/Content/StarterContent/Textures/T_Metal_Aluminum_D.uasset" 340
"../../../../Proyectos/Bomberman0/Content/StarterContent/Textures/T_Metal_Gold_N.uasset" 341
"../../../../Proyectos/Bomberman0/Content/StarterContent/Materials/M_Metal_Burnished_Steel.uasset" 342
"../../../../Proyectos/Bomberman0/Content/StarterContent/Textures/T_Metal_Copper_D.uasset" 343
"../../../../Proyectos/Bomberman0/Content/StarterContent/Materials/M_Metal_Copper.uasset" 344
"../../../../Proyectos/Bomberman0/Content/StarterContent/Textures/T_Statue_M.uasset" 345
"../../../../Proyectos/Bomberman0/Content/StarterContent/Textures/T_Statue_N.uasset" 346
"../../../../Proyectos/Bomberman0/Content/StarterContent/Props/Materials/M_StatueGlass.uasset" 347
"../../../../Proyectos/Bomberman0/Content/StarterContent/Architecture/Floor_400x400.uasset" 348
"../../../../Proyectos/Bomberman0/Content/StarterContent/Audio/Starter_Background_Cue.uasset" 349
"../../../../Proyectos/Bomberman0/Content/StarterContent/Props/SM_Chair.uasset" 350
"../../../../Proyectos/Bomberman0/Content/StarterContent/Props/Materials/M_Statue.uasset" 351
"../../../../Proyectos/Bomberman0/Content/StarterContent/Props/SM_Statue.uasset" 352
"../../../../Proyectos/Bomberman0/Content/StarterContent/Textures/T_TableRound_M.uasset" 353
"../../../../Proyectos/Bomberman0/Content/StarterContent/Textures/T_TableRound_N.uasset" 354
"../../../../Proyectos/Bomberman0/Content/StarterContent/Props/Materials/M_TableRound.uasset" 355
"../../../../Proyectos/Bomberman0/Content/StarterContent/Props/SM_TableRound.uasset" 356
"../../../../Proyectos/Bomberman0/Content/StarterContent/Maps/Minimal_Default.umap" 357
"../../../../Proyectos/Bomberman0/Content/StarterContent/Textures/T_Metal_Gold_D.uasset" 358
"../../../../Proyectos/Bomberman0/Content/StarterContent/Materials/M_Metal_Gold.uasset" 359
"../../../Engine/Content/BasicShapes/Cylinder.uasset" 360
"../../../../Proyectos/Bomberman0/Content/BluprintsH/Moneda.uasset" 361
"../../../../Proyectos/Bomberman0/Content/StarterContent/Textures/T_Wood_Oak_D.uasset" 362
"../../../../Proyectos/Bomberman0/Content/StarterContent/Textures/T_Wood_Oak_N.uasset" 363
"../../../../Proyectos/Bomberman0/Content/StarterContent/Materials/M_Wood_Oak.uasset" 364
"../../../../Proyectos/Bomberman0/Content/BluprintsH/MyMuroDest.uasset" 365
"../../../../Proyectos/Bomberman0/Content/StarterContent/Maps/Nivel1_BuiltData.uasset" 366
"../../../../Proyectos/Bomberman0/Content/StarterContent/Textures/T_Brick_Clay_Old_D.uasset" 367
"../../../../Proyectos/Bomberman0/Content/StarterContent/Textures/T_Brick_Clay_Old_N.uasset" 368
"../../../../Proyectos/Bomberman0/Content/StarterContent/Textures/T_Perlin_Noise_M.uasset" 369
"../../../../Proyectos/Bomberman0/Content/StarterContent/Materials/M_Brick_Clay_Old.uasset" 370
"../../../../Proyectos/Bomberman0/Content/StarterContent/Textures/T_Ground_Gravel_D.uasset" 371
"../../../../Proyectos/Bomberman0/Content/StarterContent/Textures/T_Ground_Gravel_N.uasset" 372
"../../../../Proyectos/Bomberman0/Content/StarterContent/Materials/M_Ground_Gravel.uasset" 373
"../../../../Proyectos/Bomberman0/Content/BluprintsH/Cube.uasset" 374
"../../../../Proyectos/Bomberman0/Content/StarterContent/Maps/Nivel1.umap" 375
"../../../../Proyectos/Bomberman0/Content/StarterContent/Maps/Smith.umap" 376
"../../../../Proyectos/Bomberman0/Content/StarterContent/Audio/Fire01_Cue.uasset" 377
"../../../../Proyectos/Bomberman0/Content/StarterContent/Textures/T_Fire_SubUV.uasset" 378
"../../../../Proyectos/Bomberman0/Content/StarterContent/Textures/T_Fire_Tiled_D.uasset" 379
"../../../../Proyectos/Bomberman0/Content/StarterContent/Particles/Materials/M_Fire_SubUV.uasset" 380
"../../../../Proyectos/Bomberman0/Content/StarterContent/Textures/T_Water_N.uasset" 381
"../../../../Proyectos/Bomberman0/Content/StarterContent/Particles/Materials/M_Heat_Distortion.uasset" 382
"../../../../Proyectos/Bomberman0/Content/StarterContent/Particles/Materials/M_Radial_Gradient.uasset" 383
"../../../../Proyectos/Bomberman0/Content/StarterContent/Particles/P_Fire.uasset" 384
"../../../../Proyectos/Bomberman0/Content/StarterContent/Blueprints/Blueprint_Effect_Fire.uasset" 385
"../../../../Proyectos/Bomberman0/Content/StarterContent/Audio/Smoke01_Cue.uasset" 386
"../../../../Proyectos/Bomberman0/Content/StarterContent/Particles/P_Smoke.uasset" 387
"../../../../Proyectos/Bomberman0/Content/StarterContent/Blueprints/Blueprint_Effect_Smoke.uasset" 388
"../../../../Proyectos/Bomberman0/Content/StarterContent/Audio/Fire_Sparks01_Cue.uasset" 389
"../../../../Proyectos/Bomberman0/Content/StarterContent/Textures/T_Spark_Core.uasset" 390
"../../../../Proyectos/Bomberman0/Content/StarterContent/Particles/Materials/M_Spark.uasset" 391
"../../../../Proyectos/Bomberman0/Content/StarterContent/Particles/P_Sparks.uasset" 392
"../../../../Proyectos/Bomberman0/Content/StarterContent/Blueprints/Blueprint_Effect_Sparks.uasset" 393
"../../../../Proyectos/Bomberman0/Content/StarterContent/Audio/Steam01_Cue.uasset" 394
"../../../../Proyectos/Bomberman0/Content/StarterContent/Particles/P_Steam_Lit.uasset" 395
"../../../../Proyectos/Bomberman0/Content/StarterContent/Blueprints/Blueprint_Effect_Steam.uasset" 396
"../../../../Proyectos/Bomberman0/Content/StarterContent/Textures/T_Lamp_M.uasset" 397
"../../../../Proyectos/Bomberman0/Content/StarterContent/Textures/T_Lamp_N.uasset" 398
"../../../../Proyectos/Bomberman0/Content/StarterContent/Props/Materials/M_Lamp.uasset" 399
"../../../../Proyectos/Bomberman0/Content/StarterContent/Props/SM_Lamp_Ceiling.uasset" 400
"../../../../Proyectos/Bomberman0/Content/StarterContent/Blueprints/Blueprint_CeilingLight.uasset" 401
"../../../../Proyectos/Bomberman0/Content/StarterContent/Props/SM_Lamp_Wall.uasset" 402
"../../../../Proyectos/Bomberman0/Content/StarterContent/Blueprints/Blueprint_WallSconce.uasset" 403
"../../../../Proyectos/Bomberman0/Content/StarterContent/Maps/StarterMap_BuiltData.uasset" 404
"../../../Engine/Content/Functions/Engine_MaterialFunctions03/Procedurals/ComputeFilterWidth.uasset" 405
"../../../Engine/Content/EngineMaterials/AntiAliasedTextMaterialTranslucent.uasset" 406
"../../../../Proyectos/Bomberman0/Content/StarterContent/Textures/T_Brick_Clay_Beveled_D.uasset" 407
"../../../../Proyectos/Bomberman0/Content/StarterContent/Textures/T_Brick_Clay_Beveled_M.uasset" 408
"../../../../Proyectos/Bomberman0/Content/StarterContent/Textures/T_Brick_Clay_Beveled_N.uasset" 409
"../../../../Proyectos/Bomberman0/Content/StarterContent/Materials/M_Brick_Clay_Beveled.uasset" 410
"../../../../Proyectos/Bomberman0/Content/StarterContent/Textures/T_Brick_Clay_New_D.uasset" 411
"../../../../Proyectos/Bomberman0/Content/StarterContent/Textures/T_Brick_Clay_New_M.uasset" 412
"../../../../Proyectos/Bomberman0/Content/StarterContent/Textures/T_Brick_Clay_New_N.uasset" 413
"../../../../Proyectos/Bomberman0/Content/StarterContent/Materials/M_Brick_Clay_New.uasset" 414
"../../../../Proyectos/Bomberman0/Content/StarterContent/Textures/T_Brick_Cut_Stone_D.uasset" 415
"../../../../Proyectos/Bomberman0/Content/StarterContent/Textures/T_Brick_Cut_Stone_N.uasset" 416
"../../../../Proyectos/Bomberman0/Content/StarterContent/Materials/M_Brick_Cut_Stone.uasset" 417
"../../../../Proyectos/Bomberman0/Content/StarterContent/Textures/T_Brick_Hewn_Stone_D.uasset" 418
"../../../../Proyectos/Bomberman0/Content/StarterContent/Textures/T_Brick_Hewn_Stone_M.uasset" 419
"../../../../Proyectos/Bomberman0/Content/StarterContent/Textures/T_Brick_Hewn_Stone_N.uasset" 420
"../../../../Proyectos/Bomberman0/Content/StarterContent/Materials/M_Brick_Hewn_Stone.uasset" 421
"../../../../Proyectos/Bomberman0/Content/StarterContent/Textures/T_Ceramic_Tile_M.uasset" 422
"../../../../Proyectos/Bomberman0/Content/StarterContent/Textures/T_Ceramic_Tile_N.uasset" 423
"../../../../Proyectos/Bomberman0/Content/StarterContent/Textures/T_Rock_Marble_Polished_D.uasset" 424
"../../../../Proyectos/Bomberman0/Content/StarterContent/Materials/M_Ceramic_Tile_Checker.uasset" 425
"../../../../Proyectos/Bomberman0/Content/StarterContent/Textures/T_CobbleStone_Pebble_D.uasset" 426
"../../../../Proyectos/Bomberman0/Content/StarterContent/Textures/T_CobbleStone_Pebble_M.uasset" 427
"../../../../Proyectos/Bomberman0/Content/StarterContent/Textures/T_CobbleStone_Pebble_N.uasset" 428
"../../../../Proyectos/Bomberman0/Content/StarterContent/Materials/M_CobbleStone_Pebble.uasset" 429
"../../../../Proyectos/Bomberman0/Content/StarterContent/Textures/T_CobbleStone_Rough_D.uasset" 430
"../../../../Proyectos/Bomberman0/Content/StarterContent/Textures/T_CobbleStone_Rough_N.uasset" 431
"../../../../Proyectos/Bomberman0/Content/StarterContent/Textures/T_Gradinet_01.uasset" 432
"../../../../Proyectos/Bomberman0/Content/StarterContent/Textures/T_Rock_Smooth_Granite_D.uasset" 433
"../../../../Proyectos/Bomberman0/Content/StarterContent/Materials/M_CobbleStone_Rough.uasset" 434
"../../../../Proyectos/Bomberman0/Content/StarterContent/Textures/T_CobbleStone_Smooth_D.uasset" 435
"../../../../Proyectos/Bomberman0/Content/StarterContent/Textures/T_CobbleStone_Smooth_M.uasset" 436
"../../../../Proyectos/Bomberman0/Content/StarterContent/Textures/T_CobbleStone_Smooth_N.uasset" 437
"../../../../Proyectos/Bomberman0/Content/StarterContent/Materials/M_CobbleStone_Smooth.uasset" 438
"../../../../Proyectos/Bomberman0/Content/StarterContent/Textures/T_Concrete_Grime_D.uasset" 439
"../../../../Proyectos/Bomberman0/Content/StarterContent/Textures/T_Metal_Rust_N.uasset" 440
"../../../../Proyectos/Bomberman0/Content/StarterContent/Materials/M_Concrete_Grime.uasset" 441
"../../../../Proyectos/Bomberman0/Content/StarterContent/Textures/T_Concrete_Panels_D.uasset" 442
"../../../../Proyectos/Bomberman0/Content/StarterContent/Textures/T_Concrete_Panels_N.uasset" 443
"../../../../Proyectos/Bomberman0/Content/StarterContent/Materials/M_Concrete_Panels.uasset" 444
"../../../../Proyectos/Bomberman0/Content/StarterContent/Textures/T_Concrete_Poured_D.uasset" 445
"../../../../Proyectos/Bomberman0/Content/StarterContent/Textures/T_Concrete_Poured_N.uasset" 446
"../../../../Proyectos/Bomberman0/Content/StarterContent/Materials/M_Concrete_Poured.uasset" 447
"../../../../Proyectos/Bomberman0/Content/StarterContent/Textures/T_Concrete_Tiles_D.uasset" 448
"../../../../Proyectos/Bomberman0/Content/StarterContent/Textures/T_Concrete_Tiles_M.uasset" 449
"../../../../Proyectos/Bomberman0/Content/StarterContent/Textures/T_Concrete_Tiles_N.uasset" 450
"../../../../Proyectos/Bomberman0/Content/StarterContent/Textures/T_Concrete_Tiles_Variation_M.uasset" 451
"../../../../Proyectos/Bomberman0/Content/StarterContent/Materials/M_Concrete_Tiles.uasset" 452
"../../../../Proyectos/Bomberman0/Content/StarterContent/Textures/T_Ground_Grass_D.uasset" 453
"../../../../Proyectos/Bomberman0/Content/StarterContent/Textures/T_Ground_Grass_N.uasset" 454
"../../../../Proyectos/Bomberman0/Content/StarterContent/Materials/M_Ground_Grass.uasset" 455
"../../../../Proyectos/Bomberman0/Content/StarterContent/Textures/T_ground_Moss_D.uasset" 456
"../../../../Proyectos/Bomberman0/Content/StarterContent/Textures/T_Ground_Moss_N.uasset" 457
"../../../../Proyectos/Bomberman0/Content/StarterContent/Materials/M_Ground_Moss.uasset" 458
"../../../../Proyectos/Bomberman0/Content/StarterContent/Materials/M_Metal_Chrome.uasset" 459
"../../../../Proyectos/Bomberman0/Content/StarterContent/Textures/T_Metal_Rust_D.uasset" 460
"../../../../Proyectos/Bomberman0/Content/StarterContent/Materials/M_Metal_Rust.uasset" 461
"../../../../Proyectos/Bomberman0/Content/StarterContent/Textures/T_Metal_Steel_D.uasset" 462
"../../../../Proyectos/Bomberman0/Content/StarterContent/Textures/T_Metal_Steel_N.uasset" 463
"../../../../Proyectos/Bomberman0/Content/StarterContent/Materials/M_Metal_Steel.uasset" 464
"../../../../Proyectos/Bomberman0/Content/StarterContent/Textures/T_Rock_Basalt_N.uasset" 465
"../../../../Proyectos/Bomberman0/Content/StarterContent/Materials/M_Rock_Basalt.uasset" 466
"../../../../Proyectos/Bomberman0/Content/StarterContent/Materials/M_Rock_Marble_Polished.uasset" 467
"../../../../Proyectos/Bomberman0/Content/StarterContent/Textures/T_Rock_Sandstone_D.uasset" 468
"../../../../Proyectos/Bomberman0/Content/StarterContent/Textures/T_Rock_Sandstone_N.uasset" 469
"../../../../Proyectos/Bomberman0/Content/StarterContent/Materials/M_Rock_Sandstone.uasset" 470
"../../../../Proyectos/Bomberman0/Content/StarterContent/Textures/T_Rock_Slate_D.uasset" 471
"../../../../Proyectos/Bomberman0/Content/StarterContent/Textures/T_Rock_Slate_N.uasset" 472
"../../../../Proyectos/Bomberman0/Content/StarterContent/Materials/M_Rock_Slate.uasset" 473
"../../../../Proyectos/Bomberman0/Content/StarterContent/Textures/T_Checker_Noise_M.uasset" 474
"../../../../Proyectos/Bomberman0/Content/StarterContent/Textures/T_Single_Tile_N.uasset" 475
"../../../../Proyectos/Bomberman0/Content/StarterContent/Textures/T_Tech_Dot_M.uasset" 476
"../../../../Proyectos/Bomberman0/Content/StarterContent/Textures/T_Tech_Dot_N.uasset" 477
"../../../../Proyectos/Bomberman0/Content/StarterContent/Materials/M_Tech_Checker_Dot.uasset" 478
"../../../../Proyectos/Bomberman0/Content/StarterContent/Textures/T_Tech_Hex_Tile_M.uasset" 479
"../../../../Proyectos/Bomberman0/Content/StarterContent/Textures/T_Tech_Hex_Tile_N.uasset" 480
"../../../../Proyectos/Bomberman0/Content/StarterContent/Materials/M_Tech_Hex_Tile.uasset" 481
"../../../../Proyectos/Bomberman0/Content/StarterContent/Materials/M_Tech_Hex_Tile_Pulse.uasset" 482
"../../../../Proyectos/Bomberman0/Content/StarterContent/Textures/T_Tech_Panel_M.uasset" 483
"../../../../Proyectos/Bomberman0/Content/StarterContent/Textures/T_Tech_Panel_N.uasset" 484
"../../../../Proyectos/Bomberman0/Content/StarterContent/Materials/M_Tech_Panel.uasset" 485
"../../../../Proyectos/Bomberman0/Content/StarterContent/Materials/M_Water_Lake.uasset" 486
"../../../../Proyectos/Bomberman0/Content/StarterContent/Textures/T_Water_M.uasset" 487
"../../../../Proyectos/Bomberman0/Content/StarterContent/Materials/M_Water_Ocean.uasset" 488
"../../../../Proyectos/Bomberman0/Content/StarterContent/Textures/T_Wood_Floor_Walnut_D.uasset" 489
"../../../../Proyectos/Bomberman0/Content/StarterContent/Textures/T_Wood_Floor_Walnut_M.uasset" 490
"../../../../Proyectos/Bomberman0/Content/StarterContent/Textures/T_Wood_Floor_Walnut_N.uasset" 491
"../../../../Proyectos/Bomberman0/Content/StarterContent/Materials/M_Wood_Floor_Walnut_Polished.uasset" 492
"../../../Engine/Content/Functions/Engine_MaterialFunctions01/Opacity/AlphaOffset.uasset" 493
"../../../../Proyectos/Bomberman0/Content/StarterContent/Materials/M_Wood_Floor_Walnut_Worn.uasset" 494
"../../../../Proyectos/Bomberman0/Content/StarterContent/Textures/T_Wood_Pine_D.uasset" 495
"../../../../Proyectos/Bomberman0/Content/StarterContent/Textures/T_Wood_Pine_N.uasset" 496
"../../../../Proyectos/Bomberman0/Content/StarterContent/Materials/M_Wood_Pine.uasset" 497
"../../../../Proyectos/Bomberman0/Content/StarterContent/Textures/T_Wood_Walnut_D.uasset" 498
"../../../../Proyectos/Bomberman0/Content/StarterContent/Textures/T_Wood_Walnut_N.uasset" 499
"../../../../Proyectos/Bomberman0/Content/StarterContent/Materials/M_Wood_Walnut.uasset" 500
"../../../../Proyectos/Bomberman0/Content/StarterContent/Architecture/Wall_400x200.uasset" 501
"../../../../Proyectos/Bomberman0/Content/StarterContent/Architecture/Wall_Door_400x300.uasset" 502
"../../../../Proyectos/Bomberman0/Content/StarterContent/Architecture/Wall_Window_400x300.uasset" 503
"../../../../Proyectos/Bomberman0/Content/StarterContent/Audio/Collapse_Cue.uasset" 504
"../../../../Proyectos/Bomberman0/Content/StarterContent/Audio/Starter_Music_Cue.uasset" 505
"../../../../Proyectos/Bomberman0/Content/StarterContent/Textures/T_Dust_Particle_D.uasset" 506
"../../../../Proyectos/Bomberman0/Content/StarterContent/Particles/Materials/M_Dust_Particle.uasset" 507
"../../../../Proyectos/Bomberman0/Content/StarterContent/Particles/P_Ambient_Dust.uasset" 508
"../../../../Proyectos/Bomberman0/Content/StarterContent/Props/MaterialSphere.uasset" 509
"../../../../Proyectos/Bomberman0/Content/StarterContent/Textures/T_Frame_M.uasset" 510
"../../../../Proyectos/Bomberman0/Content/StarterContent/Textures/T_Frame_N.uasset" 511
"../../../../Proyectos/Bomberman0/Content/StarterContent/Props/Materials/M_Frame.uasset" 512
"../../../../Proyectos/Bomberman0/Content/StarterContent/Props/SM_CornerFrame.uasset" 513
"../../../../Proyectos/Bomberman0/Content/StarterContent/Props/SM_DoorFrame.uasset" 514
"../../../../Proyectos/Bomberman0/Content/StarterContent/Props/SM_GlassWindow.uasset" 515
"../../../../Proyectos/Bomberman0/Content/StarterContent/Props/SM_PillarFrame.uasset" 516
"../../../../Proyectos/Bomberman0/Content/StarterContent/Props/SM_PillarFrame300.uasset" 517
"../../../../Proyectos/Bomberman0/Content/StarterContent/Props/SM_WindowFrame.uasset" 518
"../../../../Proyectos/Bomberman0/Content/StarterContent/Shapes/Shape_Cube.uasset" 519
"../../../../Proyectos/Bomberman0/Content/StarterContent/Shapes/Shape_QuadPyramid.uasset" 520
"../../../../Proyectos/Bomberman0/Content/StarterContent/Shapes/Shape_Sphere.uasset" 521
"../../../../Proyectos/Bomberman0/Content/StarterContent/Maps/StarterMap.umap" 522
"../../../../Proyectos/Bomberman0/Content/StarterContent/Maps/Test_BuiltData.uasset" 523
"../../../Engine/Content/BasicShapes/Sphere.uasset" 524
"../../../../Proyectos/Bomberman0/Content/StarterContent/Maps/Test.umap" 525
"../../../Engine/Content/Maps/Entry_BuiltData.uasset" 526
"../../../Engine/Content/Maps/Entry.umap" 527
