Log file open, 10/28/20 13:26:22
LogWindows: Failed to load 'aqProf.dll' (GetLastError=126)
LogWindows: File 'aqProf.dll' does not exist
LogWindows: Failed to load 'VtuneApi.dll' (GetLastError=126)
LogWindows: File 'VtuneApi.dll' does not exist
LogWindows: Failed to load 'VtuneApi32e.dll' (GetLastError=126)
LogWindows: File 'VtuneApi32e.dll' does not exist
LogConsoleResponse: Display: Failed to find resolution value strings in scalability ini. Falling back to default.
LogInit: Display: Running engine for game: Bomberman0
LogPlatformFile: Not using cached read wrapper
LogTaskGraph: Started task graph with 5 named threads and 47 total threads with 3 sets of task threads.
LogStats: Stats thread started at 0.151312
LogD3D11RHI: Loaded GFSDK_Aftermath_Lib.x64.dll
LogICUInternationalization: ICU TimeZone Detection - Raw Offset: -5:00, Platform Override: ''
LogPluginManager: Mounting plugin Paper2D
LogPluginManager: Mounting plugin AISupport
LogPluginManager: Mounting plugin LightPropagationVolume
LogPluginManager: Mounting plugin ActorLayerUtilities
LogPluginManager: Mounting plugin AnimationSharing
LogPluginManager: Mounting plugin CLionSourceCodeAccess
LogPluginManager: Mounting plugin CodeLiteSourceCodeAccess
LogPluginManager: Mounting plugin GitSourceControl
LogPluginManager: Mounting plugin KDevelopSourceCodeAccess
LogPluginManager: Mounting plugin NullSourceCodeAccess
LogPluginManager: Mounting plugin PerforceSourceControl
LogPluginManager: Mounting plugin PlasticSourceControl
LogPluginManager: Mounting plugin SubversionSourceControl
LogPluginManager: Mounting plugin UObjectPlugin
LogPluginManager: Mounting plugin VisualStudioCodeSourceCodeAccess
LogPluginManager: Mounting plugin VisualStudioSourceCodeAccess
LogPluginManager: Mounting plugin XCodeSourceCodeAccess
LogPluginManager: Mounting plugin AssetManagerEditor
LogPluginManager: Mounting plugin CryptoKeys
LogPluginManager: Mounting plugin CurveEditorTools
LogPluginManager: Mounting plugin DataValidation
LogPluginManager: Mounting plugin EditorScriptingUtilities
LogPluginManager: Mounting plugin FacialAnimation
LogPluginManager: Mounting plugin GameplayTagsEditor
LogPluginManager: Mounting plugin MacGraphicsSwitching
LogPluginManager: Mounting plugin MaterialAnalyzer
LogPluginManager: Mounting plugin MobileLauncherProfileWizard
LogPluginManager: Mounting plugin PluginBrowser
LogPluginManager: Mounting plugin SpeedTreeImporter
LogPluginManager: Mounting plugin DatasmithContent
LogPluginManager: Mounting plugin VariantManagerContent
LogPluginManager: Mounting plugin AlembicImporter
LogPluginManager: Mounting plugin AutomationUtils
LogPluginManager: Mounting plugin BackChannel
LogPluginManager: Mounting plugin ChaosSolverPlugin
LogPluginManager: Mounting plugin CharacterAI
LogPluginManager: Mounting plugin GeometryCache
LogPluginManager: Mounting plugin PlatformCrypto
LogPluginManager: Mounting plugin ProxyLODPlugin
LogPluginManager: Mounting plugin PythonScriptPlugin
LogPluginManager: Mounting plugin SkeletalReduction
LogPluginManager: Mounting plugin MagicLeap
LogPluginManager: Mounting plugin MagicLeapMedia
LogPluginManager: Mounting plugin MLSDK
LogPluginManager: Mounting plugin AndroidMedia
LogPluginManager: Mounting plugin AvfMedia
LogPluginManager: Mounting plugin ImgMedia
LogPluginManager: Mounting plugin MediaCompositing
LogPluginManager: Mounting plugin MediaPlayerEditor
LogPluginManager: Mounting plugin WebMMedia
LogPluginManager: Mounting plugin WmfMedia
LogPluginManager: Mounting plugin MegascansPlugin
LogPluginManager: Mounting plugin TcpMessaging
LogPluginManager: Mounting plugin UdpMessaging
LogPluginManager: Mounting plugin ActorSequence
LogPluginManager: Mounting plugin LevelSequenceEditor
LogPluginManager: Mounting plugin MatineeToLevelSequence
LogPluginManager: Mounting plugin NetcodeUnitTest
LogPluginManager: Mounting plugin NUTUnrealEngine4
LogPluginManager: Mounting plugin OnlineSubsystemGooglePlay
LogPluginManager: Mounting plugin OnlineSubsystemIOS
LogPluginManager: Mounting plugin OnlineSubsystem
LogPluginManager: Mounting plugin OnlineSubsystemNull
LogPluginManager: Mounting plugin OnlineSubsystemUtils
LogPluginManager: Mounting plugin LauncherChunkInstaller
LogPluginManager: Mounting plugin AndroidDeviceProfileSelector
LogPluginManager: Mounting plugin AndroidMoviePlayer
LogPluginManager: Mounting plugin AndroidPermission
LogPluginManager: Mounting plugin ApexDestruction
LogPluginManager: Mounting plugin AppleImageUtils
LogPluginManager: Mounting plugin AppleMoviePlayer
LogPluginManager: Mounting plugin ArchVisCharacter
LogPluginManager: Mounting plugin AssetTags
LogPluginManager: Mounting plugin AudioCapture
LogPluginManager: Mounting plugin CableComponent
LogPluginManager: Mounting plugin CustomMeshComponent
LogPluginManager: Mounting plugin EditableMesh
LogPluginManager: Mounting plugin ExampleDeviceProfileSelector
LogPluginManager: Mounting plugin GoogleCloudMessaging
LogPluginManager: Mounting plugin IOSDeviceProfileSelector
LogPluginManager: Mounting plugin LinuxDeviceProfileSelector
LogPluginManager: Mounting plugin LocationServicesBPLibrary
LogPluginManager: Mounting plugin MobilePatchingUtils
LogPluginManager: Mounting plugin OculusVR
LogPluginManager: Mounting plugin PhysXVehicles
LogPluginManager: Mounting plugin PostSplashScreen
LogPluginManager: Mounting plugin ProceduralMeshComponent
LogPluginManager: Mounting plugin RuntimePhysXCooking
LogPluginManager: Mounting plugin SignificanceManager
LogPluginManager: Mounting plugin SteamVR
LogPluginManager: Mounting plugin WebMMoviePlayer
LogPluginManager: Mounting plugin WindowsMoviePlayer
LogPluginManager: Mounting plugin ScreenshotTools
LogInit: Using libcurl 7.55.1-DEV
LogInit:  - built for x86_64-pc-win32
LogInit:  - supports SSL with OpenSSL/1.1.1
LogInit:  - supports HTTP deflate (compression) using libz 1.2.8
LogInit:  - other features:
LogInit:      CURL_VERSION_SSL
LogInit:      CURL_VERSION_LIBZ
LogInit:      CURL_VERSION_IPV6
LogInit:      CURL_VERSION_ASYNCHDNS
LogInit:      CURL_VERSION_LARGEFILE
LogInit:      CURL_VERSION_IDN
LogInit:  CurlRequestOptions (configurable via config and command line):
LogInit:  - bVerifyPeer = true  - Libcurl will verify peer certificate
LogInit:  - bUseHttpProxy = false  - Libcurl will NOT use HTTP proxy
LogInit:  - bDontReuseConnections = false  - Libcurl will reuse connections
LogInit:  - MaxHostConnections = 16  - Libcurl will limit the number of connections to a host
LogInit:  - LocalHostAddr = Default
LogInit:  - BufferSize = 65536
LogOnline: OSS: Creating online subsystem instance for: NULL
LogInit: WinSock: version 1.1 (2.2), MaxSocks=32767, MaxUdp=65467
LogOnline: OSS: TryLoadSubsystemAndSetDefault: Loaded subsystem for module [NULL]
LogInit: Build: ++UE4+Release-4.24-CL-10757647
LogInit: Engine Version: 4.24.1-10757647+++UE4+Release-4.24
LogInit: Compatible Engine Version: 4.24.0-10570792+++UE4+Release-4.24
LogInit: Net CL: 10570792
LogInit: OS: Windows 10 (Release 2009) (), CPU: AMD Ryzen 7 1700 Eight-Core Processor          , GPU: Radeon RX 580 Series
LogInit: Compiled (64-bit): Dec 17 2019 02:08:03
LogInit: Compiled with Visual C++: 19.16.27032.01
LogInit: Build Configuration: Development
LogInit: Branch Name: ++UE4+Release-4.24
LogInit: Command Line: 
LogInit: Base Directory: M:/UE_4.24/Engine/Binaries/Win64/
LogInit: Installed Engine Build: 1
LogDevObjectVersion: Number of dev versions registered: 25
LogDevObjectVersion:   Dev-Blueprints (B0D832E4-1F89-4F0D-ACCF-7EB736FD4AA2): 10
LogDevObjectVersion:   Dev-Build (E1C64328-A22C-4D53-A36C-8E866417BD8C): 0
LogDevObjectVersion:   Dev-Core (375EC13C-06E4-48FB-B500-84F0262A717E): 3
LogDevObjectVersion:   Dev-Editor (E4B068ED-F494-42E9-A231-DA0B2E46BB41): 37
LogDevObjectVersion:   Dev-Framework (CFFC743F-43B0-4480-9391-14DF171D2073): 36
LogDevObjectVersion:   Dev-Mobile (B02B49B5-BB20-44E9-A304-32B752E40360): 2
LogDevObjectVersion:   Dev-Networking (A4E4105C-59A1-49B5-A7C5-40C4547EDFEE): 0
LogDevObjectVersion:   Dev-Online (39C831C9-5AE6-47DC-9A44-9C173E1C8E7C): 0
LogDevObjectVersion:   Dev-Physics (78F01B33-EBEA-4F98-B9B4-84EACCB95AA2): 2
LogDevObjectVersion:   Dev-Platform (6631380F-2D4D-43E0-8009-CF276956A95A): 0
LogDevObjectVersion:   Dev-Rendering (12F88B9F-8875-4AFC-A67C-D90C383ABD29): 36
LogDevObjectVersion:   Dev-Sequencer (7B5AE74C-D270-4C10-A958-57980B212A5A): 11
LogDevObjectVersion:   Dev-VR (D7296918-1DD6-4BDD-9DE2-64A83CC13884): 2
LogDevObjectVersion:   Dev-LoadTimes (C2A15278-BFE7-4AFE-6C17-90FF531DF755): 1
LogDevObjectVersion:   Private-Geometry (6EACA3D4-40EC-4CC1-B786-8BED09428FC5): 3
LogDevObjectVersion:   Dev-AnimPhys (29E575DD-E0A3-4627-9D10-D276232CDCEA): 17
LogDevObjectVersion:   Dev-Anim (AF43A65D-7FD3-4947-9873-3E8ED9C1BB05): 2
LogDevObjectVersion:   Dev-ReflectionCapture (6B266CEC-1EC7-4B8F-A30B-E4D90942FC07): 1
LogDevObjectVersion:   Dev-Automation (0DF73D61-A23F-47EA-B727-89E90C41499A): 1
LogDevObjectVersion:   FortniteMain (601D1886-AC64-4F84-AA16-D3DE0DEAC7D6): 31
LogDevObjectVersion:   Dev-Enterprise (9DFFBCD6-494F-0158-E221-12823C92A888): 8
LogDevObjectVersion:   Dev-Niagara (F2AED0AC-9AFE-416F-8664-AA7FFA26D6FC): 1
LogDevObjectVersion:   Dev-Destruction (174F1F0B-B4C6-45A5-B13F-2EE8D0FB917D): 9
LogDevObjectVersion:   Dev-Physics-Ext (35F94A83-E258-406C-A318-09F59610247C): 8
LogDevObjectVersion:   Dev-CineCamera (B2E18506-4273-CFC2-A54E-F4BB758BBA07): 1
LogInit: Presizing for max 25165824 objects, including 0 objects not considered by GC, pre-allocating 0 bytes for permanent pool.
LogInit: Object subsystem initialized
LogConfig: Setting CVar [[con.DebugEarlyDefault:1]]
LogConfig: Setting CVar [[r.setres:1280x720]]
[2020.10.28-18.26.22:504][  0]LogConfig: Setting CVar [[r.VSync:0]]
[2020.10.28-18.26.22:504][  0]LogConfig: Setting CVar [[r.RHICmdBypass:0]]
[2020.10.28-18.26.22:504][  0]LogConfig: Applying CVar settings from Section [/Script/Engine.RendererSettings] File [M:/Proyectos/Bomberman0/Saved/Config/Windows/Engine.ini]
[2020.10.28-18.26.22:504][  0]LogConfig: Setting CVar [[r.GPUCrashDebugging:0]]
[2020.10.28-18.26.22:504][  0]LogConfig: Setting CVar [[r.SkinCache.CompileShaders:0]]
[2020.10.28-18.26.22:504][  0]LogConfig: Applying CVar settings from Section [/Script/Engine.RendererOverrideSettings] File [M:/Proyectos/Bomberman0/Saved/Config/Windows/Engine.ini]
[2020.10.28-18.26.22:504][  0]LogConfig: Applying CVar settings from Section [/Script/Engine.StreamingSettings] File [M:/Proyectos/Bomberman0/Saved/Config/Windows/Engine.ini]
[2020.10.28-18.26.22:504][  0]LogConfig: Setting CVar [[s.MinBulkDataSizeForAsyncLoading:131072]]
[2020.10.28-18.26.22:504][  0]LogConfig: Setting CVar [[s.AsyncLoadingThreadEnabled:0]]
[2020.10.28-18.26.22:504][  0]LogConfig: Setting CVar [[s.EventDrivenLoaderEnabled:1]]
[2020.10.28-18.26.22:504][  0]LogConfig: Setting CVar [[s.WarnIfTimeLimitExceeded:0]]
[2020.10.28-18.26.22:504][  0]LogConfig: Setting CVar [[s.TimeLimitExceededMultiplier:1.5]]
[2020.10.28-18.26.22:504][  0]LogConfig: Setting CVar [[s.TimeLimitExceededMinTime:0.005]]
[2020.10.28-18.26.22:504][  0]LogConfig: Setting CVar [[s.UseBackgroundLevelStreaming:1]]
[2020.10.28-18.26.22:504][  0]LogConfig: Setting CVar [[s.PriorityAsyncLoadingExtraTime:15.0]]
[2020.10.28-18.26.22:504][  0]LogConfig: Setting CVar [[s.LevelStreamingActorsUpdateTimeLimit:5.0]]
[2020.10.28-18.26.22:504][  0]LogConfig: Setting CVar [[s.PriorityLevelStreamingActorsUpdateExtraTime:5.0]]
[2020.10.28-18.26.22:505][  0]LogConfig: Setting CVar [[s.LevelStreamingComponentsRegistrationGranularity:10]]
[2020.10.28-18.26.22:505][  0]LogConfig: Setting CVar [[s.UnregisterComponentsTimeLimit:1.0]]
[2020.10.28-18.26.22:505][  0]LogConfig: Setting CVar [[s.LevelStreamingComponentsUnregistrationGranularity:5]]
[2020.10.28-18.26.22:505][  0]LogConfig: Setting CVar [[s.FlushStreamingOnExit:1]]
[2020.10.28-18.26.22:505][  0]LogConfig: Applying CVar settings from Section [/Script/Engine.GarbageCollectionSettings] File [M:/Proyectos/Bomberman0/Saved/Config/Windows/Engine.ini]
[2020.10.28-18.26.22:505][  0]LogConfig: Setting CVar [[gc.MaxObjectsNotConsideredByGC:1]]
[2020.10.28-18.26.22:505][  0]LogConfig: Setting CVar [[gc.SizeOfPermanentObjectPool:0]]
[2020.10.28-18.26.22:505][  0]LogConfig: Setting CVar [[gc.FlushStreamingOnGC:0]]
[2020.10.28-18.26.22:505][  0]LogConfig: Setting CVar [[gc.NumRetriesBeforeForcingGC:10]]
[2020.10.28-18.26.22:505][  0]LogConfig: Setting CVar [[gc.AllowParallelGC:1]]
[2020.10.28-18.26.22:505][  0]LogConfig: Setting CVar [[gc.TimeBetweenPurgingPendingKillObjects:61.1]]
[2020.10.28-18.26.22:505][  0]LogConfig: Setting CVar [[gc.MaxObjectsInEditor:25165824]]
[2020.10.28-18.26.22:505][  0]LogConfig: Setting CVar [[gc.IncrementalBeginDestroyEnabled:1]]
[2020.10.28-18.26.22:505][  0]LogConfig: Setting CVar [[gc.CreateGCClusters:1]]
[2020.10.28-18.26.22:505][  0]LogConfig: Setting CVar [[gc.MinGCClusterSize:5]]
[2020.10.28-18.26.22:505][  0]LogConfig: Setting CVar [[gc.ActorClusteringEnabled:0]]
[2020.10.28-18.26.22:505][  0]LogConfig: Setting CVar [[gc.BlueprintClusteringEnabled:0]]
[2020.10.28-18.26.22:505][  0]LogConfig: Setting CVar [[gc.UseDisregardForGCOnDedicatedServers:0]]
[2020.10.28-18.26.22:505][  0]LogConfig: Applying CVar settings from Section [/Script/Engine.NetworkSettings] File [M:/Proyectos/Bomberman0/Saved/Config/Windows/Engine.ini]
[2020.10.28-18.26.22:505][  0]LogConfig: Applying CVar settings from Section [/Script/UnrealEd.CookerSettings] File [M:/Proyectos/Bomberman0/Saved/Config/Windows/Engine.ini]
[2020.10.28-18.26.22:509][  0]LogConfig: Applying CVar settings from Section [ViewDistanceQuality@3] File [M:/Proyectos/Bomberman0/Saved/Config/Windows/Scalability.ini]
[2020.10.28-18.26.22:509][  0]LogConfig: Setting CVar [[r.SkeletalMeshLODBias:0]]
[2020.10.28-18.26.22:509][  0]LogConfig: Setting CVar [[r.ViewDistanceScale:1.0]]
[2020.10.28-18.26.22:509][  0]LogConfig: Applying CVar settings from Section [AntiAliasingQuality@3] File [M:/Proyectos/Bomberman0/Saved/Config/Windows/Scalability.ini]
[2020.10.28-18.26.22:509][  0]LogConfig: Setting CVar [[r.PostProcessAAQuality:4]]
[2020.10.28-18.26.22:509][  0]LogConfig: Applying CVar settings from Section [ShadowQuality@3] File [M:/Proyectos/Bomberman0/Saved/Config/Windows/Scalability.ini]
[2020.10.28-18.26.22:509][  0]LogConfig: Setting CVar [[r.LightFunctionQuality:1]]
[2020.10.28-18.26.22:509][  0]LogConfig: Setting CVar [[r.ShadowQuality:5]]
[2020.10.28-18.26.22:509][  0]LogConfig: Setting CVar [[r.Shadow.CSM.MaxCascades:10]]
[2020.10.28-18.26.22:509][  0]LogConfig: Setting CVar [[r.Shadow.MaxResolution:2048]]
[2020.10.28-18.26.22:509][  0]LogConfig: Setting CVar [[r.Shadow.MaxCSMResolution:2048]]
[2020.10.28-18.26.22:509][  0]LogConfig: Setting CVar [[r.Shadow.RadiusThreshold:0.01]]
[2020.10.28-18.26.22:509][  0]LogConfig: Setting CVar [[r.Shadow.DistanceScale:1.0]]
[2020.10.28-18.26.22:509][  0]LogConfig: Setting CVar [[r.Shadow.CSM.TransitionScale:1.0]]
[2020.10.28-18.26.22:509][  0]LogConfig: Setting CVar [[r.Shadow.PreShadowResolutionFactor:1.0]]
[2020.10.28-18.26.22:509][  0]LogConfig: Setting CVar [[r.DistanceFieldShadowing:1]]
[2020.10.28-18.26.22:509][  0]LogConfig: Setting CVar [[r.DistanceFieldAO:1]]
[2020.10.28-18.26.22:509][  0]LogConfig: Setting CVar [[r.AOQuality:2]]
[2020.10.28-18.26.22:509][  0]LogConfig: Setting CVar [[r.VolumetricFog:1]]
[2020.10.28-18.26.22:509][  0]LogConfig: Setting CVar [[r.VolumetricFog.GridPixelSize:8]]
[2020.10.28-18.26.22:509][  0]LogConfig: Setting CVar [[r.VolumetricFog.GridSizeZ:128]]
[2020.10.28-18.26.22:509][  0]LogConfig: Setting CVar [[r.VolumetricFog.HistoryMissSupersampleCount:4]]
[2020.10.28-18.26.22:509][  0]LogConfig: Setting CVar [[r.LightMaxDrawDistanceScale:1]]
[2020.10.28-18.26.22:509][  0]LogConfig: Setting CVar [[r.CapsuleShadows:1]]
[2020.10.28-18.26.22:509][  0]LogConfig: Applying CVar settings from Section [PostProcessQuality@3] File [M:/Proyectos/Bomberman0/Saved/Config/Windows/Scalability.ini]
[2020.10.28-18.26.22:509][  0]LogConfig: Setting CVar [[r.MotionBlurQuality:4]]
[2020.10.28-18.26.22:509][  0]LogConfig: Setting CVar [[r.AmbientOcclusionMipLevelFactor:0.4]]
[2020.10.28-18.26.22:509][  0]LogConfig: Setting CVar [[r.AmbientOcclusionMaxQuality:100]]
[2020.10.28-18.26.22:509][  0]LogConfig: Setting CVar [[r.AmbientOcclusionLevels:-1]]
[2020.10.28-18.26.22:510][  0]LogConfig: Setting CVar [[r.AmbientOcclusionRadiusScale:1.0]]
[2020.10.28-18.26.22:510][  0]LogConfig: Setting CVar [[r.DepthOfFieldQuality:2]]
[2020.10.28-18.26.22:510][  0]LogConfig: Setting CVar [[r.RenderTargetPoolMin:400]]
[2020.10.28-18.26.22:510][  0]LogConfig: Setting CVar [[r.LensFlareQuality:2]]
[2020.10.28-18.26.22:510][  0]LogConfig: Setting CVar [[r.SceneColorFringeQuality:1]]
[2020.10.28-18.26.22:510][  0]LogConfig: Setting CVar [[r.EyeAdaptationQuality:2]]
[2020.10.28-18.26.22:510][  0]LogConfig: Setting CVar [[r.BloomQuality:5]]
[2020.10.28-18.26.22:510][  0]LogConfig: Setting CVar [[r.FastBlurThreshold:100]]
[2020.10.28-18.26.22:510][  0]LogConfig: Setting CVar [[r.Upscale.Quality:3]]
[2020.10.28-18.26.22:510][  0]LogConfig: Setting CVar [[r.Tonemapper.GrainQuantization:1]]
[2020.10.28-18.26.22:510][  0]LogConfig: Setting CVar [[r.LightShaftQuality:1]]
[2020.10.28-18.26.22:510][  0]LogConfig: Setting CVar [[r.Filter.SizeScale:1]]
[2020.10.28-18.26.22:510][  0]LogConfig: Setting CVar [[r.Tonemapper.Quality:5]]
[2020.10.28-18.26.22:510][  0]LogConfig: Setting CVar [[r.DOF.Gather.AccumulatorQuality:1        ; higher gathering accumulator quality]]
[2020.10.28-18.26.22:510][  0]LogConfig: Setting CVar [[r.DOF.Gather.PostfilterMethod:1          ; Median3x3 postfilering method]]
[2020.10.28-18.26.22:510][  0]LogConfig: Setting CVar [[r.DOF.Gather.EnableBokehSettings:0       ; no bokeh simulation when gathering]]
[2020.10.28-18.26.22:510][  0]LogConfig: Setting CVar [[r.DOF.Gather.RingCount:4                 ; medium number of samples when gathering]]
[2020.10.28-18.26.22:510][  0]LogConfig: Setting CVar [[r.DOF.Scatter.ForegroundCompositing:1    ; additive foreground scattering]]
[2020.10.28-18.26.22:510][  0]LogConfig: Setting CVar [[r.DOF.Scatter.BackgroundCompositing:2    ; additive background scattering]]
[2020.10.28-18.26.22:510][  0]LogConfig: Setting CVar [[r.DOF.Scatter.EnableBokehSettings:1      ; bokeh simulation when scattering]]
[2020.10.28-18.26.22:510][  0]LogConfig: Setting CVar [[r.DOF.Scatter.MaxSpriteRatio:0.1         ; only a maximum of 10% of scattered bokeh]]
[2020.10.28-18.26.22:510][  0]LogConfig: Setting CVar [[r.DOF.Recombine.Quality:1                ; cheap slight out of focus]]
[2020.10.28-18.26.22:510][  0]LogConfig: Setting CVar [[r.DOF.Recombine.EnableBokehSettings:0    ; no bokeh simulation on slight out of focus]]
[2020.10.28-18.26.22:510][  0]LogConfig: Setting CVar [[r.DOF.TemporalAAQuality:1                ; more stable temporal accumulation]]
[2020.10.28-18.26.22:510][  0]LogConfig: Setting CVar [[r.DOF.Kernel.MaxForegroundRadius:0.025]]
[2020.10.28-18.26.22:510][  0]LogConfig: Setting CVar [[r.DOF.Kernel.MaxBackgroundRadius:0.025]]
[2020.10.28-18.26.22:510][  0]LogConfig: Applying CVar settings from Section [TextureQuality@3] File [M:/Proyectos/Bomberman0/Saved/Config/Windows/Scalability.ini]
[2020.10.28-18.26.22:510][  0]LogConfig: Setting CVar [[r.Streaming.MipBias:0]]
[2020.10.28-18.26.22:510][  0]LogConfig: Setting CVar [[r.Streaming.AmortizeCPUToGPUCopy:0]]
[2020.10.28-18.26.22:510][  0]LogConfig: Setting CVar [[r.Streaming.MaxNumTexturesToStreamPerFrame:0]]
[2020.10.28-18.26.22:510][  0]LogConfig: Setting CVar [[r.Streaming.Boost:1]]
[2020.10.28-18.26.22:510][  0]LogConfig: Setting CVar [[r.MaxAnisotropy:8]]
[2020.10.28-18.26.22:510][  0]LogConfig: Setting CVar [[r.VT.MaxAnisotropy:8]]
[2020.10.28-18.26.22:510][  0]LogConfig: Setting CVar [[r.Streaming.LimitPoolSizeToVRAM:0]]
[2020.10.28-18.26.22:510][  0]LogConfig: Setting CVar [[r.Streaming.PoolSize:1000]]
[2020.10.28-18.26.22:510][  0]LogConfig: Setting CVar [[r.Streaming.MaxEffectiveScreenSize:0]]
[2020.10.28-18.26.22:510][  0]LogConfig: Applying CVar settings from Section [EffectsQuality@3] File [M:/Proyectos/Bomberman0/Saved/Config/Windows/Scalability.ini]
[2020.10.28-18.26.22:510][  0]LogConfig: Setting CVar [[r.TranslucencyLightingVolumeDim:64]]
[2020.10.28-18.26.22:510][  0]LogConfig: Setting CVar [[r.RefractionQuality:2]]
[2020.10.28-18.26.22:510][  0]LogConfig: Setting CVar [[r.SSR.Quality:3]]
[2020.10.28-18.26.22:510][  0]LogConfig: Setting CVar [[r.SSR.HalfResSceneColor:0]]
[2020.10.28-18.26.22:510][  0]LogConfig: Setting CVar [[r.SceneColorFormat:4]]
[2020.10.28-18.26.22:510][  0]LogConfig: Setting CVar [[r.DetailMode:2]]
[2020.10.28-18.26.22:510][  0]LogConfig: Setting CVar [[r.TranslucencyVolumeBlur:1]]
[2020.10.28-18.26.22:510][  0]LogConfig: Setting CVar [[r.MaterialQualityLevel:1 ; High quality]]
[2020.10.28-18.26.22:510][  0]LogConfig: Setting CVar [[r.SSS.Scale:1]]
[2020.10.28-18.26.22:510][  0]LogConfig: Setting CVar [[r.SSS.SampleSet:2]]
[2020.10.28-18.26.22:510][  0]LogConfig: Setting CVar [[r.SSS.Quality:1]]
[2020.10.28-18.26.22:510][  0]LogConfig: Setting CVar [[r.SSS.HalfRes:1]]
[2020.10.28-18.26.22:510][  0]LogConfig: Setting CVar [[r.SSGI.Quality:3]]
[2020.10.28-18.26.22:510][  0]LogConfig: Setting CVar [[r.EmitterSpawnRateScale:1.0]]
[2020.10.28-18.26.22:510][  0]LogConfig: Setting CVar [[r.ParticleLightQuality:2]]
[2020.10.28-18.26.22:510][  0]LogConfig: Setting CVar [[r.SkyAtmosphere.AerialPerspectiveLUT.FastApplyOnOpaque:1 ; Always have FastSkyLUT 1 in this case to avoid wrong sky]]
[2020.10.28-18.26.22:510][  0]LogConfig: Setting CVar [[r.SkyAtmosphere.AerialPerspectiveLUT.SampleCountPerSlice:1]]
[2020.10.28-18.26.22:510][  0]LogConfig: Setting CVar [[r.SkyAtmosphere.AerialPerspectiveLUT.DepthResolution:16.0]]
[2020.10.28-18.26.22:510][  0]LogConfig: Setting CVar [[r.SkyAtmosphere.FastSkyLUT:1]]
[2020.10.28-18.26.22:510][  0]LogConfig: Setting CVar [[r.SkyAtmosphere.FastSkyLUT.SampleCountMin:4.0]]
[2020.10.28-18.26.22:510][  0]LogConfig: Setting CVar [[r.SkyAtmosphere.FastSkyLUT.SampleCountMax:32.0]]
[2020.10.28-18.26.22:510][  0]LogConfig: Setting CVar [[r.SkyAtmosphere.SampleCountMin:4.0]]
[2020.10.28-18.26.22:510][  0]LogConfig: Setting CVar [[r.SkyAtmosphere.SampleCountMax:32.0]]
[2020.10.28-18.26.22:510][  0]LogConfig: Setting CVar [[r.SkyAtmosphere.TransmittanceLUT.UseSmallFormat:0]]
[2020.10.28-18.26.22:510][  0]LogConfig: Setting CVar [[r.SkyAtmosphere.TransmittanceLUT.SampleCount:10.0]]
[2020.10.28-18.26.22:510][  0]LogConfig: Setting CVar [[r.SkyAtmosphere.MultiScatteringLUT.SampleCount:15.0]]
[2020.10.28-18.26.22:510][  0]LogConfig: Applying CVar settings from Section [FoliageQuality@3] File [M:/Proyectos/Bomberman0/Saved/Config/Windows/Scalability.ini]
[2020.10.28-18.26.22:510][  0]LogConfig: Setting CVar [[foliage.DensityScale:1.0]]
[2020.10.28-18.26.22:510][  0]LogConfig: Setting CVar [[grass.DensityScale:1.0]]
[2020.10.28-18.26.22:511][  0]LogConfig: Applying CVar settings from Section [ShadingQuality@3] File [M:/Proyectos/Bomberman0/Saved/Config/Windows/Scalability.ini]
[2020.10.28-18.26.22:511][  0]LogConfig: Setting CVar [[r.HairStrands.SkyLighting.SampleCount:16]]
[2020.10.28-18.26.22:511][  0]LogConfig: Setting CVar [[r.HairStrands.SkyLighting.JitterIntegration:0]]
[2020.10.28-18.26.22:511][  0]LogConfig: Setting CVar [[r.HairStrands.SkyAO.SampleCount:16]]
[2020.10.28-18.26.22:511][  0]LogInit: Selected Device Profile: [Windows]
[2020.10.28-18.26.22:511][  0]LogInit: Applying CVar settings loaded from the selected device profile: [Windows]
[2020.10.28-18.26.22:513][  0]LogHAL: Display: Platform has ~ 16 GB [17113321472 / 17179869184 / 16], which maps to Larger [LargestMinGB=32, LargerMinGB=12, DefaultMinGB=8, SmallerMinGB=6, SmallestMinGB=0)
[2020.10.28-18.26.22:513][  0]LogInit: Going up to parent DeviceProfile []
[2020.10.28-18.26.22:513][  0]LogConfig: Applying CVar settings from Section [ViewDistanceQuality@3] File [M:/Proyectos/Bomberman0/Saved/Config/Windows/Scalability.ini]
[2020.10.28-18.26.22:514][  0]LogConfig: Setting CVar [[r.SkeletalMeshLODBias:0]]
[2020.10.28-18.26.22:514][  0]LogConfig: Setting CVar [[r.ViewDistanceScale:1.0]]
[2020.10.28-18.26.22:514][  0]LogConfig: Applying CVar settings from Section [AntiAliasingQuality@3] File [M:/Proyectos/Bomberman0/Saved/Config/Windows/Scalability.ini]
[2020.10.28-18.26.22:514][  0]LogConfig: Setting CVar [[r.PostProcessAAQuality:4]]
[2020.10.28-18.26.22:514][  0]LogConfig: Applying CVar settings from Section [ShadowQuality@3] File [M:/Proyectos/Bomberman0/Saved/Config/Windows/Scalability.ini]
[2020.10.28-18.26.22:514][  0]LogConfig: Setting CVar [[r.LightFunctionQuality:1]]
[2020.10.28-18.26.22:514][  0]LogConfig: Setting CVar [[r.ShadowQuality:5]]
[2020.10.28-18.26.22:514][  0]LogConfig: Setting CVar [[r.Shadow.CSM.MaxCascades:10]]
[2020.10.28-18.26.22:514][  0]LogConfig: Setting CVar [[r.Shadow.MaxResolution:2048]]
[2020.10.28-18.26.22:514][  0]LogConfig: Setting CVar [[r.Shadow.MaxCSMResolution:2048]]
[2020.10.28-18.26.22:514][  0]LogConfig: Setting CVar [[r.Shadow.RadiusThreshold:0.01]]
[2020.10.28-18.26.22:514][  0]LogConfig: Setting CVar [[r.Shadow.DistanceScale:1.0]]
[2020.10.28-18.26.22:514][  0]LogConfig: Setting CVar [[r.Shadow.CSM.TransitionScale:1.0]]
[2020.10.28-18.26.22:514][  0]LogConfig: Setting CVar [[r.Shadow.PreShadowResolutionFactor:1.0]]
[2020.10.28-18.26.22:514][  0]LogConfig: Setting CVar [[r.DistanceFieldShadowing:1]]
[2020.10.28-18.26.22:514][  0]LogConfig: Setting CVar [[r.DistanceFieldAO:1]]
[2020.10.28-18.26.22:514][  0]LogConfig: Setting CVar [[r.AOQuality:2]]
[2020.10.28-18.26.22:514][  0]LogConfig: Setting CVar [[r.VolumetricFog:1]]
[2020.10.28-18.26.22:514][  0]LogConfig: Setting CVar [[r.VolumetricFog.GridPixelSize:8]]
[2020.10.28-18.26.22:514][  0]LogConfig: Setting CVar [[r.VolumetricFog.GridSizeZ:128]]
[2020.10.28-18.26.22:514][  0]LogConfig: Setting CVar [[r.VolumetricFog.HistoryMissSupersampleCount:4]]
[2020.10.28-18.26.22:514][  0]LogConfig: Setting CVar [[r.LightMaxDrawDistanceScale:1]]
[2020.10.28-18.26.22:514][  0]LogConfig: Setting CVar [[r.CapsuleShadows:1]]
[2020.10.28-18.26.22:514][  0]LogConfig: Applying CVar settings from Section [PostProcessQuality@3] File [M:/Proyectos/Bomberman0/Saved/Config/Windows/Scalability.ini]
[2020.10.28-18.26.22:514][  0]LogConfig: Setting CVar [[r.MotionBlurQuality:4]]
[2020.10.28-18.26.22:514][  0]LogConfig: Setting CVar [[r.AmbientOcclusionMipLevelFactor:0.4]]
[2020.10.28-18.26.22:514][  0]LogConfig: Setting CVar [[r.AmbientOcclusionMaxQuality:100]]
[2020.10.28-18.26.22:514][  0]LogConfig: Setting CVar [[r.AmbientOcclusionLevels:-1]]
[2020.10.28-18.26.22:514][  0]LogConfig: Setting CVar [[r.AmbientOcclusionRadiusScale:1.0]]
[2020.10.28-18.26.22:514][  0]LogConfig: Setting CVar [[r.DepthOfFieldQuality:2]]
[2020.10.28-18.26.22:514][  0]LogConfig: Setting CVar [[r.RenderTargetPoolMin:400]]
[2020.10.28-18.26.22:514][  0]LogConfig: Setting CVar [[r.LensFlareQuality:2]]
[2020.10.28-18.26.22:514][  0]LogConfig: Setting CVar [[r.SceneColorFringeQuality:1]]
[2020.10.28-18.26.22:514][  0]LogConfig: Setting CVar [[r.EyeAdaptationQuality:2]]
[2020.10.28-18.26.22:514][  0]LogConfig: Setting CVar [[r.BloomQuality:5]]
[2020.10.28-18.26.22:514][  0]LogConfig: Setting CVar [[r.FastBlurThreshold:100]]
[2020.10.28-18.26.22:514][  0]LogConfig: Setting CVar [[r.Upscale.Quality:3]]
[2020.10.28-18.26.22:514][  0]LogConfig: Setting CVar [[r.Tonemapper.GrainQuantization:1]]
[2020.10.28-18.26.22:514][  0]LogConfig: Setting CVar [[r.LightShaftQuality:1]]
[2020.10.28-18.26.22:514][  0]LogConfig: Setting CVar [[r.Filter.SizeScale:1]]
[2020.10.28-18.26.22:514][  0]LogConfig: Setting CVar [[r.Tonemapper.Quality:5]]
[2020.10.28-18.26.22:514][  0]LogConfig: Setting CVar [[r.DOF.Gather.AccumulatorQuality:1        ; higher gathering accumulator quality]]
[2020.10.28-18.26.22:514][  0]LogConfig: Setting CVar [[r.DOF.Gather.PostfilterMethod:1          ; Median3x3 postfilering method]]
[2020.10.28-18.26.22:514][  0]LogConfig: Setting CVar [[r.DOF.Gather.EnableBokehSettings:0       ; no bokeh simulation when gathering]]
[2020.10.28-18.26.22:514][  0]LogConfig: Setting CVar [[r.DOF.Gather.RingCount:4                 ; medium number of samples when gathering]]
[2020.10.28-18.26.22:514][  0]LogConfig: Setting CVar [[r.DOF.Scatter.ForegroundCompositing:1    ; additive foreground scattering]]
[2020.10.28-18.26.22:514][  0]LogConfig: Setting CVar [[r.DOF.Scatter.BackgroundCompositing:2    ; additive background scattering]]
[2020.10.28-18.26.22:514][  0]LogConfig: Setting CVar [[r.DOF.Scatter.EnableBokehSettings:1      ; bokeh simulation when scattering]]
[2020.10.28-18.26.22:514][  0]LogConfig: Setting CVar [[r.DOF.Scatter.MaxSpriteRatio:0.1         ; only a maximum of 10% of scattered bokeh]]
[2020.10.28-18.26.22:514][  0]LogConfig: Setting CVar [[r.DOF.Recombine.Quality:1                ; cheap slight out of focus]]
[2020.10.28-18.26.22:514][  0]LogConfig: Setting CVar [[r.DOF.Recombine.EnableBokehSettings:0    ; no bokeh simulation on slight out of focus]]
[2020.10.28-18.26.22:514][  0]LogConfig: Setting CVar [[r.DOF.TemporalAAQuality:1                ; more stable temporal accumulation]]
[2020.10.28-18.26.22:514][  0]LogConfig: Setting CVar [[r.DOF.Kernel.MaxForegroundRadius:0.025]]
[2020.10.28-18.26.22:514][  0]LogConfig: Setting CVar [[r.DOF.Kernel.MaxBackgroundRadius:0.025]]
[2020.10.28-18.26.22:514][  0]LogConfig: Applying CVar settings from Section [TextureQuality@3] File [M:/Proyectos/Bomberman0/Saved/Config/Windows/Scalability.ini]
[2020.10.28-18.26.22:514][  0]LogConfig: Setting CVar [[r.Streaming.MipBias:0]]
[2020.10.28-18.26.22:514][  0]LogConfig: Setting CVar [[r.Streaming.AmortizeCPUToGPUCopy:0]]
[2020.10.28-18.26.22:514][  0]LogConfig: Setting CVar [[r.Streaming.MaxNumTexturesToStreamPerFrame:0]]
[2020.10.28-18.26.22:514][  0]LogConfig: Setting CVar [[r.Streaming.Boost:1]]
[2020.10.28-18.26.22:514][  0]LogConfig: Setting CVar [[r.MaxAnisotropy:8]]
[2020.10.28-18.26.22:514][  0]LogConfig: Setting CVar [[r.VT.MaxAnisotropy:8]]
[2020.10.28-18.26.22:514][  0]LogConfig: Setting CVar [[r.Streaming.LimitPoolSizeToVRAM:0]]
[2020.10.28-18.26.22:514][  0]LogConfig: Setting CVar [[r.Streaming.PoolSize:1000]]
[2020.10.28-18.26.22:514][  0]LogConfig: Setting CVar [[r.Streaming.MaxEffectiveScreenSize:0]]
[2020.10.28-18.26.22:514][  0]LogConfig: Applying CVar settings from Section [EffectsQuality@3] File [M:/Proyectos/Bomberman0/Saved/Config/Windows/Scalability.ini]
[2020.10.28-18.26.22:514][  0]LogConfig: Setting CVar [[r.TranslucencyLightingVolumeDim:64]]
[2020.10.28-18.26.22:514][  0]LogConfig: Setting CVar [[r.RefractionQuality:2]]
[2020.10.28-18.26.22:514][  0]LogConfig: Setting CVar [[r.SSR.Quality:3]]
[2020.10.28-18.26.22:514][  0]LogConfig: Setting CVar [[r.SSR.HalfResSceneColor:0]]
[2020.10.28-18.26.22:514][  0]LogConfig: Setting CVar [[r.SceneColorFormat:4]]
[2020.10.28-18.26.22:514][  0]LogConfig: Setting CVar [[r.DetailMode:2]]
[2020.10.28-18.26.22:514][  0]LogConfig: Setting CVar [[r.TranslucencyVolumeBlur:1]]
[2020.10.28-18.26.22:514][  0]LogConfig: Setting CVar [[r.MaterialQualityLevel:1 ; High quality]]
[2020.10.28-18.26.22:514][  0]LogConfig: Setting CVar [[r.SSS.Scale:1]]
[2020.10.28-18.26.22:515][  0]LogConfig: Setting CVar [[r.SSS.SampleSet:2]]
[2020.10.28-18.26.22:515][  0]LogConfig: Setting CVar [[r.SSS.Quality:1]]
[2020.10.28-18.26.22:515][  0]LogConfig: Setting CVar [[r.SSS.HalfRes:1]]
[2020.10.28-18.26.22:515][  0]LogConfig: Setting CVar [[r.SSGI.Quality:3]]
[2020.10.28-18.26.22:515][  0]LogConfig: Setting CVar [[r.EmitterSpawnRateScale:1.0]]
[2020.10.28-18.26.22:515][  0]LogConfig: Setting CVar [[r.ParticleLightQuality:2]]
[2020.10.28-18.26.22:515][  0]LogConfig: Setting CVar [[r.SkyAtmosphere.AerialPerspectiveLUT.FastApplyOnOpaque:1 ; Always have FastSkyLUT 1 in this case to avoid wrong sky]]
[2020.10.28-18.26.22:515][  0]LogConfig: Setting CVar [[r.SkyAtmosphere.AerialPerspectiveLUT.SampleCountPerSlice:1]]
[2020.10.28-18.26.22:515][  0]LogConfig: Setting CVar [[r.SkyAtmosphere.AerialPerspectiveLUT.DepthResolution:16.0]]
[2020.10.28-18.26.22:515][  0]LogConfig: Setting CVar [[r.SkyAtmosphere.FastSkyLUT:1]]
[2020.10.28-18.26.22:515][  0]LogConfig: Setting CVar [[r.SkyAtmosphere.FastSkyLUT.SampleCountMin:4.0]]
[2020.10.28-18.26.22:515][  0]LogConfig: Setting CVar [[r.SkyAtmosphere.FastSkyLUT.SampleCountMax:32.0]]
[2020.10.28-18.26.22:515][  0]LogConfig: Setting CVar [[r.SkyAtmosphere.SampleCountMin:4.0]]
[2020.10.28-18.26.22:515][  0]LogConfig: Setting CVar [[r.SkyAtmosphere.SampleCountMax:32.0]]
[2020.10.28-18.26.22:515][  0]LogConfig: Setting CVar [[r.SkyAtmosphere.TransmittanceLUT.UseSmallFormat:0]]
[2020.10.28-18.26.22:515][  0]LogConfig: Setting CVar [[r.SkyAtmosphere.TransmittanceLUT.SampleCount:10.0]]
[2020.10.28-18.26.22:515][  0]LogConfig: Setting CVar [[r.SkyAtmosphere.MultiScatteringLUT.SampleCount:15.0]]
[2020.10.28-18.26.22:515][  0]LogConfig: Applying CVar settings from Section [FoliageQuality@3] File [M:/Proyectos/Bomberman0/Saved/Config/Windows/Scalability.ini]
[2020.10.28-18.26.22:515][  0]LogConfig: Setting CVar [[foliage.DensityScale:1.0]]
[2020.10.28-18.26.22:515][  0]LogConfig: Setting CVar [[grass.DensityScale:1.0]]
[2020.10.28-18.26.22:515][  0]LogConfig: Applying CVar settings from Section [ShadingQuality@3] File [M:/Proyectos/Bomberman0/Saved/Config/Windows/Scalability.ini]
[2020.10.28-18.26.22:515][  0]LogConfig: Setting CVar [[r.HairStrands.SkyLighting.SampleCount:16]]
[2020.10.28-18.26.22:515][  0]LogConfig: Setting CVar [[r.HairStrands.SkyLighting.JitterIntegration:0]]
[2020.10.28-18.26.22:515][  0]LogConfig: Setting CVar [[r.HairStrands.SkyAO.SampleCount:16]]
[2020.10.28-18.26.22:515][  0]LogConfig: Applying CVar settings from Section [Startup] File [../../../Engine/Config/ConsoleVariables.ini]
[2020.10.28-18.26.22:515][  0]LogConfig: Setting CVar [[net.UseAdaptiveNetUpdateFrequency:0]]
[2020.10.28-18.26.22:515][  0]LogConfig: Setting CVar [[p.chaos.AllowCreatePhysxBodies:1]]
[2020.10.28-18.26.22:515][  0]LogConfig: Applying CVar settings from Section [ConsoleVariables] File [M:/Proyectos/Bomberman0/Saved/Config/Windows/Engine.ini]
[2020.10.28-18.26.22:515][  0]LogInit: Computer: DESKTOP-M5VDUOO
[2020.10.28-18.26.22:515][  0]LogInit: User: kevin
[2020.10.28-18.26.22:516][  0]LogInit: CPU Page size=4096, Cores=8
[2020.10.28-18.26.22:516][  0]LogInit: High frequency timer resolution =10.000000 MHz
[2020.10.28-18.26.22:516][  0]LogMemory: Memory total: Physical=15.9GB (16GB approx)
[2020.10.28-18.26.22:516][  0]LogMemory: Platform Memory Stats for Windows
[2020.10.28-18.26.22:516][  0]LogMemory: Process Physical Memory: 112.47 MB used, 112.48 MB peak
[2020.10.28-18.26.22:516][  0]LogMemory: Process Virtual Memory: 101.64 MB used, 101.64 MB peak
[2020.10.28-18.26.22:516][  0]LogMemory: Physical Memory: 8036.91 MB used,  8283.63 MB free, 16320.54 MB total
[2020.10.28-18.26.22:516][  0]LogMemory: Virtual Memory: 5184.15 MB used,  134212544.00 MB free, 134217728.00 MB total
[2020.10.28-18.26.22:519][  0]LogWindows: WindowsPlatformFeatures enabled
[2020.10.28-18.26.22:539][  0]LogInit: Using OS detected language (es-MX).
[2020.10.28-18.26.22:539][  0]LogInit: Using OS detected locale (es-MX).
[2020.10.28-18.26.22:540][  0]LogTextLocalizationResource: LocRes '../../../Engine/Content/Localization/Editor/es-MX/Editor.locres' could not be opened for reading!
[2020.10.28-18.26.22:540][  0]LogTextLocalizationResource: LocRes '../../../Engine/Content/Localization/EditorTutorials/es-MX/EditorTutorials.locres' could not be opened for reading!
[2020.10.28-18.26.22:540][  0]LogTextLocalizationResource: LocRes '../../../Engine/Content/Localization/Keywords/es-MX/Keywords.locres' could not be opened for reading!
[2020.10.28-18.26.22:540][  0]LogTextLocalizationResource: LocRes '../../../Engine/Content/Localization/Category/es-MX/Category.locres' could not be opened for reading!
[2020.10.28-18.26.22:540][  0]LogTextLocalizationResource: LocRes '../../../Engine/Content/Localization/ToolTips/es-MX/ToolTips.locres' could not be opened for reading!
[2020.10.28-18.26.22:541][  0]LogTextLocalizationResource: LocRes '../../../Engine/Content/Localization/PropertyNames/es-MX/PropertyNames.locres' could not be opened for reading!
[2020.10.28-18.26.22:541][  0]LogTextLocalizationResource: LocRes '../../../Engine/Content/Localization/Engine/es-MX/Engine.locres' could not be opened for reading!
[2020.10.28-18.26.22:541][  0]LogTextLocalizationResource: LocRes '../../../Engine/Plugins/Online/Android/OnlineSubsystemGooglePlay/Content/Localization/OnlineSubsystemGooglePlay/es-MX/OnlineSubsystemGooglePlay.locres' could not be opened for reading!
[2020.10.28-18.26.22:541][  0]LogTextLocalizationResource: LocRes '../../../Engine/Plugins/Online/IOS/OnlineSubsystemIOS/Content/Localization/OnlineSubsystemIOS/es-MX/OnlineSubsystemIOS.locres' could not be opened for reading!
[2020.10.28-18.26.22:541][  0]LogTextLocalizationResource: LocRes '../../../Engine/Plugins/Online/OnlineSubsystemUtils/Content/Localization/OnlineSubsystemUtils/es-MX/OnlineSubsystemUtils.locres' could not be opened for reading!
[2020.10.28-18.26.22:587][  0]LogInit: Setting process to per monitor DPI aware
[2020.10.28-18.26.22:644][  0]LogSlate: New Slate User Created.  User Index 0, Is Virtual User: 0
[2020.10.28-18.26.22:644][  0]LogSlate: Slate User Registered.  User Index 0, Is Virtual User: 0
[2020.10.28-18.26.22:813][  0]LogHMD: Failed to initialize OpenVR with code 110
[2020.10.28-18.26.22:813][  0]LogD3D11RHI: D3D11 min allowed feature level: 11_0
[2020.10.28-18.26.22:813][  0]LogD3D11RHI: D3D11 max allowed feature level: 11_0
[2020.10.28-18.26.22:813][  0]LogD3D11RHI: D3D11 adapters:
[2020.10.28-18.26.22:862][  0]LogD3D11RHI:    0. 'Radeon RX 580 Series' (Feature Level 11_0)
[2020.10.28-18.26.22:862][  0]LogD3D11RHI:       8171/0/8160 MB DedicatedVideo/DedicatedSystem/SharedSystem, Outputs:1, VendorId:0x1002
[2020.10.28-18.26.22:865][  0]LogD3D11RHI:    1. 'Microsoft Basic Render Driver' (Feature Level 11_0)
[2020.10.28-18.26.22:865][  0]LogD3D11RHI:       0/0/8160 MB DedicatedVideo/DedicatedSystem/SharedSystem, Outputs:0, VendorId:0x1414
[2020.10.28-18.26.22:865][  0]LogD3D11RHI: Chosen D3D11 Adapter: 0
[2020.10.28-18.26.22:876][  0]LogD3D11RHI: Creating new Direct3DDevice
[2020.10.28-18.26.22:876][  0]LogD3D11RHI:     GPU DeviceId: 0x67df (for the marketing name, search the web for "GPU Device Id")
[2020.10.28-18.26.22:876][  0]LogWindows: EnumDisplayDevices:
[2020.10.28-18.26.22:876][  0]LogWindows:    0. 'Radeon RX 580 Series' (P:1 D:1)
[2020.10.28-18.26.22:877][  0]LogWindows:    1. 'Radeon RX 580 Series' (P:0 D:0)
[2020.10.28-18.26.22:877][  0]LogWindows:    2. 'Radeon RX 580 Series' (P:0 D:0)
[2020.10.28-18.26.22:877][  0]LogWindows:    3. 'Radeon RX 580 Series' (P:0 D:0)
[2020.10.28-18.26.22:878][  0]LogWindows:    4. 'Radeon RX 580 Series' (P:0 D:0)
[2020.10.28-18.26.22:878][  0]LogWindows:    5. 'Radeon RX 580 Series' (P:0 D:0)
[2020.10.28-18.26.22:878][  0]LogWindows:    6. 'Radeon RX 580 Series' (P:0 D:0)
[2020.10.28-18.26.22:879][  0]LogWindows:    7. 'Radeon RX 580 Series' (P:0 D:0)
[2020.10.28-18.26.22:879][  0]LogWindows: DebugString: FoundDriverCount:8 
[2020.10.28-18.26.22:879][  0]LogD3D11RHI:     Adapter Name: Radeon RX 580 Series
[2020.10.28-18.26.22:879][  0]LogD3D11RHI:   Driver Version: Adrenalin 2020 20.8.3 (internal:27.20.12027.1001, unified:27.20.12027.1001)
[2020.10.28-18.26.22:879][  0]LogD3D11RHI:      Driver Date: 8-26-2020
[2020.10.28-18.26.22:879][  0]LogRHI: Texture pool is 5720 MB (70% of 8171 MB)
[2020.10.28-18.26.22:949][  0]LogD3D11RHI: RHI does not have support for 64 bit atomics
[2020.10.28-18.26.22:949][  0]LogD3D11RHI: Async texture creation enabled
[2020.10.28-18.26.22:963][  0]LogD3D11RHI: GPU Timing Frequency: 25.000000 (Debug: 2 1)
[2020.10.28-18.26.23:315][  0]LogTargetPlatformManager: Display: Loaded TargetPlatform 'AllDesktop'
[2020.10.28-18.26.23:355][  0]LogTargetPlatformManager: Display: Loaded TargetPlatform 'Android'
[2020.10.28-18.26.23:355][  0]LogTargetPlatformManager: Display: Loaded TargetPlatform 'Android_ASTC'
[2020.10.28-18.26.23:355][  0]LogTargetPlatformManager: Display: Loaded TargetPlatform 'Android_ATC'
[2020.10.28-18.26.23:355][  0]LogTargetPlatformManager: Display: Loaded TargetPlatform 'Android_DXT'
[2020.10.28-18.26.23:355][  0]LogTargetPlatformManager: Display: Loaded TargetPlatform 'Android_ETC1'
[2020.10.28-18.26.23:355][  0]LogTargetPlatformManager: Display: Loaded TargetPlatform 'Android_ETC1a'
[2020.10.28-18.26.23:355][  0]LogTargetPlatformManager: Display: Loaded TargetPlatform 'Android_ETC2'
[2020.10.28-18.26.23:355][  0]LogTargetPlatformManager: Display: Loaded TargetPlatform 'Android_PVRTC'
[2020.10.28-18.26.23:355][  0]LogTargetPlatformManager: Display: Loaded TargetPlatform 'AndroidClient'
[2020.10.28-18.26.23:355][  0]LogTargetPlatformManager: Display: Loaded TargetPlatform 'Android_ASTCClient'
[2020.10.28-18.26.23:355][  0]LogTargetPlatformManager: Display: Loaded TargetPlatform 'Android_ATCClient'
[2020.10.28-18.26.23:355][  0]LogTargetPlatformManager: Display: Loaded TargetPlatform 'Android_DXTClient'
[2020.10.28-18.26.23:355][  0]LogTargetPlatformManager: Display: Loaded TargetPlatform 'Android_ETC1Client'
[2020.10.28-18.26.23:355][  0]LogTargetPlatformManager: Display: Loaded TargetPlatform 'Android_ETC1aClient'
[2020.10.28-18.26.23:355][  0]LogTargetPlatformManager: Display: Loaded TargetPlatform 'Android_ETC2Client'
[2020.10.28-18.26.23:355][  0]LogTargetPlatformManager: Display: Loaded TargetPlatform 'Android_PVRTCClient'
[2020.10.28-18.26.23:355][  0]LogTargetPlatformManager: Display: Loaded TargetPlatform 'Android_Multi'
[2020.10.28-18.26.23:355][  0]LogTargetPlatformManager: Display: Loaded TargetPlatform 'Android_MultiClient'
[2020.10.28-18.26.23:377][  0]LogTargetPlatformManager: Display: Loaded TargetPlatform 'IOSClient'
[2020.10.28-18.26.23:377][  0]LogTargetPlatformManager: Display: Loaded TargetPlatform 'IOS'
[2020.10.28-18.26.23:386][  0]LogTargetPlatformManager: Display: Loaded TargetPlatform 'LinuxNoEditor'
[2020.10.28-18.26.23:395][  0]LogTargetPlatformManager: Display: Loaded TargetPlatform 'LinuxClient'
[2020.10.28-18.26.23:404][  0]LogTargetPlatformManager: Display: Loaded TargetPlatform 'LinuxServer'
[2020.10.28-18.26.23:412][  0]LogTargetPlatformManager: Display: Loaded TargetPlatform 'LinuxAArch64NoEditor'
[2020.10.28-18.26.23:421][  0]LogTargetPlatformManager: Display: Loaded TargetPlatform 'LinuxAArch64Client'
[2020.10.28-18.26.23:429][  0]LogTargetPlatformManager: Display: Loaded TargetPlatform 'LinuxAArch64Server'
[2020.10.28-18.26.23:457][  0]LogTargetPlatformManager: Display: Loaded TargetPlatform 'Lumin'
[2020.10.28-18.26.23:457][  0]LogTargetPlatformManager: Display: Loaded TargetPlatform 'LuminClient'
[2020.10.28-18.26.23:474][  0]LogTargetPlatformManager: Display: Loaded TargetPlatform 'TVOSClient'
[2020.10.28-18.26.23:474][  0]LogTargetPlatformManager: Display: Loaded TargetPlatform 'TVOS'
[2020.10.28-18.26.23:483][  0]LogTargetPlatformManager: Display: Loaded TargetPlatform 'WindowsNoEditor'
[2020.10.28-18.26.23:492][  0]LogTargetPlatformManager: Display: Loaded TargetPlatform 'Windows'
[2020.10.28-18.26.23:501][  0]LogTargetPlatformManager: Display: Loaded TargetPlatform 'WindowsClient'
[2020.10.28-18.26.23:509][  0]LogTargetPlatformManager: Display: Loaded TargetPlatform 'WindowsServer'
[2020.10.28-18.26.23:509][  0]LogTargetPlatformManager: Display: Building Assets For Windows
[2020.10.28-18.26.23:513][  0]LogAudioDebug: Display: Lib vorbis DLL was dynamically loaded.
[2020.10.28-18.26.23:541][  0]LogShaderCompilers: Guid format shader working directory is 13 characters bigger than the processId version (../../../../Proyectos/Bomberman0/Intermediate/Shaders/WorkingDirectory/10040/).
[2020.10.28-18.26.23:541][  0]LogShaderCompilers: Cleaned the shader compiler working directory 'C:/Users/kevin/AppData/Local/Temp/UnrealShaderWorkingDir/6397FE4542B5FEBC99A54A927254C0BF/'.
[2020.10.28-18.26.23:541][  0]LogXGEController: Cleaning working directory: C:/Users/kevin/AppData/Local/Temp/UnrealXGEWorkingDir/
[2020.10.28-18.26.23:542][  0]LogXGEController: Cannot use XGE Controller as Incredibuild is not installed on this machine.
[2020.10.28-18.26.23:542][  0]LogShaderCompilers: Cannot use XGE Shader Compiler as Incredibuild is not installed on this machine.
[2020.10.28-18.26.23:542][  0]LogShaderCompilers: Display: Using Local Shader Compiler.
[2020.10.28-18.26.24:392][  0]LogDerivedDataCache: Display: Max Cache Size: 512 MB
[2020.10.28-18.26.24:459][  0]LogDerivedDataCache: Loaded boot cache 0.07s 78MB C:/Users/kevin/AppData/Local/UnrealEngine/4.24/DerivedDataCache/Boot.ddc.
[2020.10.28-18.26.24:459][  0]LogDerivedDataCache: Display: Loaded Boot cache: C:/Users/kevin/AppData/Local/UnrealEngine/4.24/DerivedDataCache/Boot.ddc
[2020.10.28-18.26.24:459][  0]LogDerivedDataCache: FDerivedDataBackendGraph:  Pak pak cache file ../../../../Proyectos/Bomberman0/DerivedDataCache/DDC.ddp not found, will not use a pak cache.
[2020.10.28-18.26.24:459][  0]LogDerivedDataCache: Unable to find inner node Pak for hierarchical cache Hierarchy.
[2020.10.28-18.26.24:459][  0]LogDerivedDataCache: FDerivedDataBackendGraph:  CompressedPak pak cache file ../../../../Proyectos/Bomberman0/DerivedDataCache/Compressed.ddp not found, will not use a pak cache.
[2020.10.28-18.26.24:459][  0]LogDerivedDataCache: Unable to find inner node CompressedPak for hierarchical cache Hierarchy.
[2020.10.28-18.26.24:472][  0]LogDerivedDataCache: Display: Pak cache opened for reading ../../../Engine/DerivedDataCache/Compressed.ddp.
[2020.10.28-18.26.24:473][  0]LogDerivedDataCache: FDerivedDataBackendGraph:  EnterprisePak pak cache file ../../../Enterprise/DerivedDataCache/Compressed.ddp not found, will not use a pak cache.
[2020.10.28-18.26.24:473][  0]LogDerivedDataCache: Unable to find inner node EnterprisePak for hierarchical cache Hierarchy.
[2020.10.28-18.26.24:475][  0]LogDerivedDataCache: Using Local data cache path C:/Users/kevin/AppData/Local/UnrealEngine/Common/DerivedDataCache: Writable
[2020.10.28-18.26.24:475][  0]LogDerivedDataCache: Shared data cache path not found in *engine.ini, will not use an Shared cache.
[2020.10.28-18.26.24:475][  0]LogDerivedDataCache: Unable to find inner node Shared for hierarchical cache Hierarchy.
[2020.10.28-18.26.24:510][  0]LogMaterial: Verifying Global Shaders for PCD3D_SM5
[2020.10.28-18.26.24:514][  0]LogSlate: Using FreeType 2.10.0
[2020.10.28-18.26.24:514][  0]LogSlate: SlateFontServices - WITH_FREETYPE: 1, WITH_HARFBUZZ: 1
[2020.10.28-18.26.24:577][  0]LogAssetRegistry: FAssetRegistry took 0.0032 seconds to start up
[2020.10.28-18.26.24:967][  0]LogInit: Selected Device Profile: [Windows]
[2020.10.28-18.26.25:170][  0]LogMeshReduction: Using QuadricMeshReduction for automatic static mesh reduction
[2020.10.28-18.26.25:170][  0]LogMeshReduction: Using SimplygonMeshReduction for automatic skeletal mesh reduction
[2020.10.28-18.26.25:170][  0]LogMeshReduction: Using ProxyLODMeshReduction for automatic mesh merging
[2020.10.28-18.26.25:170][  0]LogMeshReduction: No distributed automatic mesh merging module available
[2020.10.28-18.26.25:170][  0]LogMeshMerging: No distributed automatic mesh merging module available
[2020.10.28-18.26.25:188][  0]LogNetVersion: Bomberman0 1.0.0, NetCL: 10570792, EngineNetVer: 13, GameNetVer: 0 (Checksum: 1577161323)
[2020.10.28-18.26.26:524][  0]LogPackageLocalizationCache: Processed 13 localized package path(s) for 2 prioritized culture(s) in 0.139498 seconds
[2020.10.28-18.26.26:536][  0]LogUObjectArray: 46750 objects as part of root set at end of initial load.
[2020.10.28-18.26.26:536][  0]LogUObjectAllocator: 8137160 out of 0 bytes used by permanent object pool.
[2020.10.28-18.26.26:536][  0]LogUObjectArray: CloseDisregardForGC: 0/0 objects in disregard for GC pool
[2020.10.28-18.26.27:004][  0]LogPython: Using Python 2.7.14
[2020.10.28-18.26.27:860][  0]LogTcpMessaging: Initializing TcpMessaging bridge
[2020.10.28-18.26.27:865][  0]LogUdpMessaging: Initializing bridge on interface 0.0.0.0:0 to multicast group 230.0.0.1:6666.
[2020.10.28-18.26.27:992][  0]SourceControl: El control de código fuente está desactivado
[2020.10.28-18.26.27:992][  0]SourceControl: El control de código fuente está desactivado
[2020.10.28-18.26.27:994][  0]SourceControl: El control de código fuente está desactivado
[2020.10.28-18.26.27:995][  0]SourceControl: El control de código fuente está desactivado
[2020.10.28-18.26.27:996][  0]SourceControl: El control de código fuente está desactivado
[2020.10.28-18.26.28:144][  0]LogAndroidPermission: UAndroidPermissionCallbackProxy::GetInstance
[2020.10.28-18.26.28:171][  0]LogAudioCaptureCore: Display: No Audio Capture implementations found. Audio input will be silent.
[2020.10.28-18.26.28:171][  0]LogAudioCaptureCore: Display: No Audio Capture implementations found. Audio input will be silent.
[2020.10.28-18.26.28:306][  0]LogOcInput: OculusInput pre-init called
[2020.10.28-18.26.28:315][  0]LogWindows: Failed to load 'OVRPlugin.dll' (GetLastError=126)
[2020.10.28-18.26.28:315][  0]LogWindows: File 'OVRPlugin.dll' does not exist
[2020.10.28-18.26.29:640][  0]LogEngine: Initializing Engine...
[2020.10.28-18.26.29:642][  0]LogHMD: Failed to initialize OpenVR with code 110
[2020.10.28-18.26.29:643][  0]LogStats: UGameplayTagsManager::InitializeManager -  0.000 s
[2020.10.28-18.26.30:149][  0]LogInit: Initializing FReadOnlyCVARCache
[2020.10.28-18.26.30:162][  0]LogAIModule: Creating AISystem for world Untitled
[2020.10.28-18.26.30:173][  0]LogAudioMixer: Display: Audio Mixer Platform Settings:
[2020.10.28-18.26.30:173][  0]LogAudioMixer: Display: 	Sample Rate:						  48000
[2020.10.28-18.26.30:173][  0]LogAudioMixer: Display: 	Callback Buffer Frame Size Requested: 1024
[2020.10.28-18.26.30:173][  0]LogAudioMixer: Display: 	Callback Buffer Frame Size To Use:	  1024
[2020.10.28-18.26.30:173][  0]LogAudioMixer: Display: 	Number of buffers to queue:			  2
[2020.10.28-18.26.30:173][  0]LogAudioMixer: Display: 	Max Channels (voices):				  32
[2020.10.28-18.26.30:173][  0]LogAudioMixer: Display: 	Number of Async Source Workers:		  0
[2020.10.28-18.26.30:173][  0]LogAudio: Display: AudioDevice MaxSources: 32
[2020.10.28-18.26.30:174][  0]LogAudio: Display: Using built-in audio occlusion.
[2020.10.28-18.26.30:174][  0]LogAudioMixer: Display: Initializing audio mixer.
[2020.10.28-18.26.30:203][  0]LogAudioMixer: Display: Audio Device Output Speaker Info:
[2020.10.28-18.26.30:203][  0]LogAudioMixer: Display: Name: Altavoces (Realtek High Definition Audio)
[2020.10.28-18.26.30:203][  0]LogAudioMixer: Display: Is Default: Yes
[2020.10.28-18.26.30:203][  0]LogAudioMixer: Display: Sample Rate: 48000
[2020.10.28-18.26.30:203][  0]LogAudioMixer: Display: Channel Count Used: 2
[2020.10.28-18.26.30:203][  0]LogAudioMixer: Display: Device Channel Count: 2
[2020.10.28-18.26.30:203][  0]LogAudioMixer: Display: Channel Order:
[2020.10.28-18.26.30:203][  0]LogAudioMixer: Display: 0: FrontLeft
[2020.10.28-18.26.30:203][  0]LogAudioMixer: Display: 1: FrontRight
[2020.10.28-18.26.30:235][  0]LogAudioMixer: Display: Using Audio Device Altavoces (Realtek High Definition Audio)
[2020.10.28-18.26.30:241][  0]LogInit: FAudioDevice initialized.
[2020.10.28-18.26.30:242][  0]LogNetVersion: Set ProjectVersion to 1.0.0.0. Version Checksum will be recalculated on next use.
[2020.10.28-18.26.30:338][  0]LogDerivedDataCache: Saved boot cache 0.10s 78MB C:/Users/kevin/AppData/Local/UnrealEngine/4.24/DerivedDataCache/Boot.ddc.
[2020.10.28-18.26.30:344][  0]LogInit: Texture streaming: Enabled
[2020.10.28-18.26.30:357][  0]LogEngineSessionManager: EngineSessionManager initialized
[2020.10.28-18.26.30:357][  0]LogEngineSessionManager: EngineSessionManager sent abnormal shutdown report. Type=Crashed, SessionId={F36381D1-4107-6C36-6D43-2FB33F8A4B65}
[2020.10.28-18.26.30:358][  0]LogEditorSessionSummary: Verbose: Initializing EditorSessionSummaryWriter for editor session tracking
[2020.10.28-18.26.30:360][  0]LogEditorSessionSummary: EditorSessionSummaryWriter initialized
[2020.10.28-18.26.30:433][  0]LogInit: Transaction tracking system initialized
[2020.10.28-18.26.30:448][  0]BlueprintLog: New page: Cargar el editor
[2020.10.28-18.26.30:496][  0]LocalizationService: Localization service is disabled
[2020.10.28-18.26.30:874][  0]LogFileCache: Scanning file cache for directory 'M:/Proyectos/Bomberman0/Content/' took 0.00s
[2020.10.28-18.26.30:874][  0]LogCook: Display: Max memory allowance for cook 16384mb min free memory 0mb
[2020.10.28-18.26.30:874][  0]LogCook: Display: Mobile HDR setting 1
[2020.10.28-18.26.31:655][  0]SourceControl: El control de código fuente está desactivado
[2020.10.28-18.26.31:655][  0]Cmd: MAP LOAD FILE="../../../../Proyectos/Bomberman0/Content/StarterContent/Maps/Minimal_Default.umap" TEMPLATE=0 SHOWPROGRESS=1 FEATURELEVEL=3
[2020.10.28-18.26.31:656][  0]LightingResults: New page: Diseñar la iluminación
[2020.10.28-18.26.31:657][  0]LogWorld: UWorld::CleanupWorld for Untitled, bSessionEnded=true, bCleanupResources=true
[2020.10.28-18.26.31:657][  0]LogSlate: InvalidateAllWidgets triggered.  All widgets were invalidated
[2020.10.28-18.26.31:657][  0]MapCheck: New page: Revisión del mapa
[2020.10.28-18.26.31:657][  0]LightingResults: New page: Diseñar la iluminación
[2020.10.28-18.26.31:701][  0]LogUObjectHash: Compacting FUObjectHashTables data took   2.63ms
[2020.10.28-18.26.31:748][  0]LogLinker: Warning: While loading '../../../../Proyectos/Bomberman0/Content/StarterContent/Maps/Minimal_Default.umap' failed to load '/Game/StarterContent/Maps/Minimal_Default_BuiltData': Can't find file.
[2020.10.28-18.26.31:748][  0]LogLinker: Warning: While loading '../../../../Proyectos/Bomberman0/Content/StarterContent/Maps/Minimal_Default.umap' failed to load '/Game/StarterContent/Maps/Minimal_Default_BuiltData': Can't find file.
[2020.10.28-18.26.31:762][  0]LogLinker: Warning: While loading '../../../../Proyectos/Bomberman0/Content/StarterContent/Maps/Minimal_Default.umap' failed to load '/Game/StarterContent/Maps/Minimal_Default_BuiltData': Can't find file.
[2020.10.28-18.26.31:762][  0]LogLinker: Warning: While loading '../../../../Proyectos/Bomberman0/Content/StarterContent/Maps/Minimal_Default.umap' failed to load '/Game/StarterContent/Maps/Minimal_Default_BuiltData': Can't find file.
[2020.10.28-18.26.31:771][  0]LogLinker: Warning: Failed to load '/Game/StarterContent/Maps/Minimal_Default_BuiltData': Can't find file.
[2020.10.28-18.26.31:771][  0]LogLinker: Warning: Failed to load '/Game/StarterContent/Maps/Minimal_Default_BuiltData': Can't find file.
[2020.10.28-18.26.31:771][  0]LogLinker: Warning: Failed to load '/Game/StarterContent/Maps/Minimal_Default_BuiltData': Can't find file.
[2020.10.28-18.26.31:771][  0]LogLinker: Warning: Failed to load '/Game/StarterContent/Maps/Minimal_Default_BuiltData': Can't find file.
[2020.10.28-18.26.31:775][  0]LogLinker: Warning: While loading '../../../../Proyectos/Bomberman0/Content/StarterContent/Maps/Minimal_Default.umap' failed to load '/Game/StarterContent/Maps/Minimal_Default_BuiltData': Can't find file.
[2020.10.28-18.26.31:776][  0]LoadErrors: Error al cargar /Game/StarterContent/Maps/Minimal_Default_BuiltData.Minimal_Default_BuiltData Referenciado por PersistentLevel
[2020.10.28-18.26.31:776][  0]LogLinker: Warning: While loading '../../../../Proyectos/Bomberman0/Content/StarterContent/Maps/Minimal_Default.umap' failed to load '/Game/StarterContent/Maps/Minimal_Default_BuiltData': Can't find file.
[2020.10.28-18.26.31:776][  0]LoadErrors: Error al cargar /Game/StarterContent/Maps/Minimal_Default_BuiltData.Minimal_Default_BuiltData Referenciado por PersistentLevel
[2020.10.28-18.26.31:956][  0]LogAIModule: Creating AISystem for world Minimal_Default
[2020.10.28-18.26.31:964][  0]LogEditorServer: Finished looking for orphan Actors (0.000 secs)
[2020.10.28-18.26.32:010][  0]LogUObjectHash: Compacting FUObjectHashTables data took   3.01ms
[2020.10.28-18.26.32:010][  0]Cmd: MAP CHECKDEP NOCLEARLOG
[2020.10.28-18.26.32:010][  0]MapCheck: Map check complete: 0 Error(s), 0 Warning(s), took 0.133ms to complete.
[2020.10.28-18.26.32:010][  0]LogFileHelpers: Loading map 'Minimal_Default' took 0.355
[2020.10.28-18.26.32:210][  0]LogSlate: Updating window title bar state: overlay mode, drag disabled, window buttons hidden, title bar hidden
[2020.10.28-18.26.32:219][  0]LogSlate: Updating window title bar state: overlay mode, drag disabled, window buttons hidden, title bar hidden
[2020.10.28-18.26.32:228][  0]LogSlate: Updating window title bar state: overlay mode, drag disabled, window buttons hidden, title bar hidden
[2020.10.28-18.26.32:237][  0]LogSlate: Updating window title bar state: overlay mode, drag disabled, window buttons hidden, title bar hidden
[2020.10.28-18.26.32:241][  0]LogCollectionManager: Loaded 0 collections in 0.001012 seconds
[2020.10.28-18.26.32:258][  0]LogFileCache: Scanning file cache for directory 'M:/Proyectos/Bomberman0/Saved/Collections/' took 0.00s
[2020.10.28-18.26.32:258][  0]LogFileCache: Scanning file cache for directory 'M:/Proyectos/Bomberman0/Content/Developers/kevin/Collections/' took 0.00s
[2020.10.28-18.26.32:258][  0]LogFileCache: Scanning file cache for directory 'M:/Proyectos/Bomberman0/Content/Collections/' took 0.00s
[2020.10.28-18.26.32:258][  0]LogContentBrowser: Native class hierarchy populated in 0.0117 seconds. Added 3054 classes and 745 folders.
[2020.10.28-18.26.32:261][  0]LogContentBrowser: Native class hierarchy updated for 'WidgetCarousel' in 0.0004 seconds. Added 0 classes and 0 folders.
[2020.10.28-18.26.32:317][  0]LogContentBrowser: Native class hierarchy updated for 'AddContentDialog' in 0.0004 seconds. Added 0 classes and 0 folders.
[2020.10.28-18.26.32:322][  0]LogContentBrowser: Native class hierarchy updated for 'SceneOutliner' in 0.0005 seconds. Added 2 classes and 3 folders.
[2020.10.28-18.26.32:366][  0]LogSlate: Took 0.000219 seconds to synchronously load lazily loaded font '../../../Engine/Content/Slate/Fonts/Roboto-Regular.ttf' (155K)
[2020.10.28-18.26.32:368][  0]LogSlate: Took 0.000164 seconds to synchronously load lazily loaded font '../../../Engine/Content/Slate/Fonts/Roboto-Bold.ttf' (160K)
[2020.10.28-18.26.32:374][  0]LogSlate: Took 0.000192 seconds to synchronously load lazily loaded font '../../../Engine/Content/Editor/Slate/Fonts/FontAwesome.ttf' (139K)
[2020.10.28-18.26.32:465][  0]LogRenderer: Reallocating scene render targets to support 676x380 Format 10 NumSamples 1 (Frame:1).
[2020.10.28-18.26.32:613][  0]LogContentBrowser: Native class hierarchy updated for 'HierarchicalLODOutliner' in 0.0005 seconds. Added 0 classes and 0 folders.
[2020.10.28-18.26.32:613][  0]LogLoad: (Engine Initialization) Total time: 11.38 seconds
[2020.10.28-18.26.32:613][  0]LogLoad: (Engine Initialization) Total Blueprint compile time: 0.00 seconds
[2020.10.28-18.26.32:666][  0]LogAssetRegistry: Asset discovery search completed in 8.0900 seconds
[2020.10.28-18.26.32:670][  0]LogCollectionManager: Fixed up redirectors for 0 collections in 0.000010 seconds (updated 0 objects)
[2020.10.28-18.26.32:672][  0]LogContentStreaming: Texture pool size now 1000 MB
[2020.10.28-18.26.32:776][  0]LogSlate: Took 0.000126 seconds to synchronously load lazily loaded font '../../../Engine/Content/Slate/Fonts/Roboto-Light.ttf' (167K)
[2020.10.28-18.26.33:954][ 84]LogSlate: Took 0.000247 seconds to synchronously load lazily loaded font '../../../Engine/Content/Slate/Fonts/Roboto-Light.ttf' (167K)
[2020.10.28-18.26.36:357][318]LogAssetEditorSubsystem: Opening Asset editor for Blueprint /Game/BluprintsH/MyBomb.MyBomb
[2020.10.28-18.26.36:546][318]LogContentBrowser: Native class hierarchy updated for 'BlueprintGraph' in 0.0009 seconds. Added 121 classes and 0 folders.
[2020.10.28-18.26.37:824][318]LogAssetEditorSubsystem: Opening Asset editor for Blueprint /Game/BluprintsH/MyMuroDest.MyMuroDest
[2020.10.28-18.26.38:541][318]LogAssetEditorSubsystem: Opening Asset editor for Blueprint /Game/BluprintsH/Bomber_BP.Bomber_BP
[2020.10.28-18.26.39:017][318]LogSlate: Took 0.000355 seconds to synchronously load lazily loaded font '../../../Engine/Content/Slate/Fonts/Roboto-BoldCondensed.ttf' (158K)
[2020.10.28-18.26.39:191][319]LogSlate: Took 0.000261 seconds to synchronously load lazily loaded font '../../../Engine/Content/Slate/Fonts/Roboto-Italic.ttf' (157K)
[2020.10.28-18.26.43:841][452]LogSlate: Window 'MyMuroDest' being destroyed
[2020.10.28-18.26.46:744][748]LogSlate: Window 'Registro del mensaje' being destroyed
[2020.10.28-18.26.46:754][748]LogSlate: Window 'Registro del mensaje' being destroyed
[2020.10.28-18.26.49:314][ 20]Candidate modules for hot reload:
[2020.10.28-18.26.49:314][ 20]  Bomberman0
[2020.10.28-18.26.49:314][ 20]Launching UnrealBuildTool... [M:/UE_4.24/Engine/Binaries/DotNET/UnrealBuildTool.exe  -ModuleWithSuffix=Bomberman0,660 Win64 Development -TargetType=Editor -Project="M:/Proyectos/Bomberman0/Bomberman0.uproject" "M:/Proyectos/Bomberman0/Bomberman0.uproject"  -IgnoreJunk]
[2020.10.28-18.26.49:318][ 20]Warning: Starting HotReload took  0.0s.
[2020.10.28-18.27.03:264][289]CompilerResultsLog: New page: Compilación - 28 oct. 2020 8:27:03
[2020.10.28-18.27.03:264][289]CompilerResultsLog: Parsing headers for Bomberman0Editor
[2020.10.28-18.27.03:264][289]CompilerResultsLog:   Running UnrealHeaderTool "M:\Proyectos\Bomberman0\Bomberman0.uproject" "M:\Proyectos\Bomberman0\Intermediate\Build\Win64\Bomberman0Editor\Development\Bomberman0Editor.uhtmanifest" -LogCmds="loginit warning, logexit warning, logdatabase error" -Unattended -WarningsAsErrors -installed
[2020.10.28-18.27.03:264][289]CompilerResultsLog: Reflection code generated for Bomberman0Editor in 8.1907653 seconds
[2020.10.28-18.27.03:264][289]CompilerResultsLog: Building Bomberman0Editor...
[2020.10.28-18.27.03:264][289]CompilerResultsLog: Using Visual Studio 2019 14.26.28806 toolchain (M:\VIsual\VC\Tools\MSVC\14.26.28801) and Windows 10.0.18362.0 SDK (C:\Program Files (x86)\Windows Kits\10).
[2020.10.28-18.27.03:264][289]CompilerResultsLog: [Upgrade]
[2020.10.28-18.27.03:264][289]CompilerResultsLog: [Upgrade] Using backward-compatible build settings. The latest version of UE4 sets the following values by default, which may require code changes:
[2020.10.28-18.27.03:264][289]CompilerResultsLog: [Upgrade]     bLegacyPublicIncludePaths = false                 => Omits subfolders from public include paths to reduce compiler command line length. (Previously: true).
[2020.10.28-18.27.03:264][289]CompilerResultsLog: [Upgrade]     ShadowVariableWarningLevel = WarningLevel.Error   => Treats shadowed variable warnings as errors. (Previously: WarningLevel.Warning).
[2020.10.28-18.27.03:264][289]CompilerResultsLog: [Upgrade]     PCHUsage = PCHUsageMode.UseExplicitOrSharedPCHs   => Set in build.cs files to enables IWYU-style PCH model. See https://docs.unrealengine.com/en-US/Programming/BuildTools/UnrealBuildTool/IWYU/index.html. (Previously: PCHUsageMode.UseSharedPCHs).
[2020.10.28-18.27.03:264][289]CompilerResultsLog: [Upgrade] Suppress this message by setting 'DefaultBuildSettings = BuildSettingsVersion.V2;' in Bomberman0Editor.Target.cs, and explicitly overriding settings that differ from the new defaults.
[2020.10.28-18.27.03:264][289]CompilerResultsLog: [Upgrade]
[2020.10.28-18.27.03:264][289]CompilerResultsLog: Building 4 actions with 16 processes...
[2020.10.28-18.27.03:264][289]CompilerResultsLog:   [1/4] MuroDest.cpp
[2020.10.28-18.27.03:264][289]CompilerResultsLog:   [2/4] UE4Editor-Bomberman0-0660.lib
[2020.10.28-18.27.03:264][289]CompilerResultsLog:      Creando biblioteca M:\Proyectos\Bomberman0\Intermediate\Build\Win64\UE4Editor\Development\Bomberman0\UE4Editor-Bomberman0-0660.lib y objeto M:\Proyectos\Bomberman0\Intermediate\Build\Win64\UE4Editor\Development\Bomberman0\UE4Editor-Bomberman0-0660.exp
[2020.10.28-18.27.03:264][289]CompilerResultsLog:   [3/4] UE4Editor-Bomberman0-0660.dll
[2020.10.28-18.27.03:264][289]CompilerResultsLog:      Creando biblioteca M:\Proyectos\Bomberman0\Intermediate\Build\Win64\UE4Editor\Development\Bomberman0\UE4Editor-Bomberman0-0660.suppressed.lib y objeto M:\Proyectos\Bomberman0\Intermediate\Build\Win64\UE4Editor\Development\Bomberman0\UE4Editor-Bomberman0-0660.suppressed.exp
[2020.10.28-18.27.03:264][289]CompilerResultsLog:   [4/4] Bomberman0Editor.target
[2020.10.28-18.27.03:264][289]CompilerResultsLog: Total time in Parallel executor: 3.99 seconds
[2020.10.28-18.27.03:264][289]CompilerResultsLog: Total execution time: 13.63 seconds
[2020.10.28-18.27.03:264][289]LogMainFrame: MainFrame: Module compiling took 13.960 seconds
[2020.10.28-18.27.03:321][289]LogUObjectHash: Compacting FUObjectHashTables data took   4.21ms
[2020.10.28-18.27.03:343][289]LogContentBrowser: Native class hierarchy populated in 0.0118 seconds. Added 3056 classes and 748 folders.
[2020.10.28-18.27.03:343][289]Display: HotReload took 14.1s.
[2020.10.28-18.28.25:167][ 33]LogAIModule: Creating AISystem for world Test
[2020.10.28-18.28.25:172][ 33]LogAssetEditorSubsystem: Opening Asset editor for World /Game/StarterContent/Maps/Test.Test
[2020.10.28-18.28.25:249][ 33]LogUObjectHash: Compacting FUObjectHashTables data took   6.40ms
[2020.10.28-18.28.25:251][ 33]Cmd: MAP LOAD FILE="../../../../Proyectos/Bomberman0/Content/StarterContent/Maps/Test.umap" TEMPLATE=0 SHOWPROGRESS=1 FEATURELEVEL=3
[2020.10.28-18.28.25:251][ 33]LightingResults: New page: Diseñar la iluminación
[2020.10.28-18.28.25:252][ 33]LoadErrors: New page: Cargando mapa: Test.umap
[2020.10.28-18.28.25:254][ 33]LogWorld: UWorld::CleanupWorld for Minimal_Default, bSessionEnded=true, bCleanupResources=true
[2020.10.28-18.28.25:254][ 33]LogSlate: InvalidateAllWidgets triggered.  All widgets were invalidated
[2020.10.28-18.28.25:254][ 33]MapCheck: New page: Revisión del mapa
[2020.10.28-18.28.25:254][ 33]LightingResults: New page: Diseñar la iluminación
[2020.10.28-18.28.25:306][ 33]LogUObjectHash: Compacting FUObjectHashTables data took   4.52ms
[2020.10.28-18.28.25:312][ 33]LogEditorServer: Finished looking for orphan Actors (0.000 secs)
[2020.10.28-18.28.25:367][ 33]LogUObjectHash: Compacting FUObjectHashTables data took   4.50ms
[2020.10.28-18.28.25:411][ 33]Cmd: MAP CHECKDEP NOCLEARLOG
[2020.10.28-18.28.25:412][ 33]MapCheck: Map check complete: 0 Error(s), 0 Warning(s), took 0.117ms to complete.
[2020.10.28-18.28.25:412][ 33]LogFileHelpers: Loading map 'Test' took 0.162
[2020.10.28-18.28.27:257][221]LogTemp: Repeating last play command: New Editor Window (PIE)
[2020.10.28-18.28.27:300][221]LogBlueprintUserMessages: Early PlayInEditor Detection: Level '/Game/StarterContent/Maps/Test.Test:PersistentLevel' has LevelScriptBlueprint '/Game/StarterContent/Maps/Test.Test:PersistentLevel.Test' with GeneratedClass '/Game/StarterContent/Maps/Test.Test_C' with ClassGeneratedBy '/Game/StarterContent/Maps/Test.Test:PersistentLevel.Test'
[2020.10.28-18.28.27:300][221]LogPlayLevel: PlayLevel: No blueprints needed recompiling
[2020.10.28-18.28.27:300][221]PIE: New page: Sesión PIE (reproducción en el editor): Test (28 oct. 2020 8:28:27)
[2020.10.28-18.28.27:301][221]LogOnline: OSS: Creating online subsystem instance for: NULL
[2020.10.28-18.28.27:302][221]LogOnline: OSS: TryLoadSubsystemAndSetDefault: Loaded subsystem for module [NULL]
[2020.10.28-18.28.27:302][221]LogPlayLevel: Creating play world package: /Game/StarterContent/Maps/UEDPIE_0_Test
[2020.10.28-18.28.27:307][221]LogPlayLevel: PIE: StaticDuplicateObject took: (0.005000s)
[2020.10.28-18.28.27:308][221]LogAIModule: Creating AISystem for world Test
[2020.10.28-18.28.27:309][221]LogPlayLevel: PIE: World Init took: (0.001113s)
[2020.10.28-18.28.27:309][221]LogPlayLevel: PIE: Created PIE world by copying editor world from /Game/StarterContent/Maps/Test.Test to /Game/StarterContent/Maps/UEDPIE_0_Test.Test (0.006374s)
[2020.10.28-18.28.27:358][221]LogUObjectHash: Compacting FUObjectHashTables data took   3.64ms
[2020.10.28-18.28.27:360][221]LogAudioMixer: Display: Audio Mixer Platform Settings:
[2020.10.28-18.28.27:360][221]LogAudioMixer: Display: 	Sample Rate:						  48000
[2020.10.28-18.28.27:360][221]LogAudioMixer: Display: 	Callback Buffer Frame Size Requested: 1024
[2020.10.28-18.28.27:360][221]LogAudioMixer: Display: 	Callback Buffer Frame Size To Use:	  1024
[2020.10.28-18.28.27:360][221]LogAudioMixer: Display: 	Number of buffers to queue:			  2
[2020.10.28-18.28.27:360][221]LogAudioMixer: Display: 	Max Channels (voices):				  32
[2020.10.28-18.28.27:360][221]LogAudioMixer: Display: 	Number of Async Source Workers:		  0
[2020.10.28-18.28.27:360][221]LogAudio: Display: AudioDevice MaxSources: 32
[2020.10.28-18.28.27:360][221]LogAudio: Display: Using built-in audio occlusion.
[2020.10.28-18.28.27:360][221]LogAudioMixer: Display: Initializing audio mixer.
[2020.10.28-18.28.27:377][221]LogAudioMixer: Display: Audio Device Output Speaker Info:
[2020.10.28-18.28.27:377][221]LogAudioMixer: Display: Name: Altavoces (Realtek High Definition Audio)
[2020.10.28-18.28.27:377][221]LogAudioMixer: Display: Is Default: Yes
[2020.10.28-18.28.27:377][221]LogAudioMixer: Display: Sample Rate: 48000
[2020.10.28-18.28.27:377][221]LogAudioMixer: Display: Channel Count Used: 2
[2020.10.28-18.28.27:377][221]LogAudioMixer: Display: Device Channel Count: 2
[2020.10.28-18.28.27:377][221]LogAudioMixer: Display: Channel Order:
[2020.10.28-18.28.27:377][221]LogAudioMixer: Display: 0: FrontLeft
[2020.10.28-18.28.27:377][221]LogAudioMixer: Display: 1: FrontRight
[2020.10.28-18.28.27:400][221]LogAudioMixer: Display: Using Audio Device Altavoces (Realtek High Definition Audio)
[2020.10.28-18.28.27:402][221]LogInit: FAudioDevice initialized.
[2020.10.28-18.28.27:460][221]LogSlate: Updating window title bar state: overlay mode, drag disabled, window buttons hidden, title bar hidden
[2020.10.28-18.28.27:467][221]LogLoad: Game class is 'GameMode_BP_C'
[2020.10.28-18.28.27:470][221]LogWorld: Bringing World /Game/StarterContent/Maps/UEDPIE_0_Test.Test up for play (max tick rate 0) at 2020.10.28-13.28.27
[2020.10.28-18.28.27:471][221]LogWorld: Bringing up level for play took: 0.001976
[2020.10.28-18.28.27:471][221]LogOnline: OSS: Creating online subsystem instance for: :Context_9
[2020.10.28-18.28.27:494][221]LogContentBrowser: Native class hierarchy updated for 'MovieSceneCapture' in 0.0006 seconds. Added 20 classes and 0 folders.
[2020.10.28-18.28.27:495][221]LogGameMode: Display: Match State Changed from EnteringMap to WaitingToStart
[2020.10.28-18.28.27:495][221]LogGameState: Match State Changed from EnteringMap to WaitingToStart
[2020.10.28-18.28.27:495][221]LogGameMode: Display: Match State Changed from WaitingToStart to InProgress
[2020.10.28-18.28.27:497][221]LogBlueprintUserMessages: [MyMuroDest_2] 3.0
[2020.10.28-18.28.28:811][221]LogWindows: Error: === Critical error: ===
[2020.10.28-18.28.28:811][221]LogWindows: Error: 
[2020.10.28-18.28.28:811][221]LogWindows: Error: Fatal error!
[2020.10.28-18.28.28:811][221]LogWindows: Error: 
[2020.10.28-18.28.28:811][221]LogWindows: Error: Unhandled Exception: EXCEPTION_ACCESS_VIOLATION reading address 0x000000c4
[2020.10.28-18.28.28:811][221]LogWindows: Error: 
[2020.10.28-18.28.28:811][221]LogWindows: Error: [Callstack] 0x00007ffc2e9b4aa9 UE4Editor-Bomberman0-1119.dll!UnknownFunction []
[2020.10.28-18.28.28:811][221]LogWindows: Error: [Callstack] 0x00007ffc4a6bc80d UE4Editor-Engine.dll!UnknownFunction []
[2020.10.28-18.28.28:811][221]LogWindows: Error: [Callstack] 0x00007ffc4b9bc762 UE4Editor-Engine.dll!UnknownFunction []
[2020.10.28-18.28.28:811][221]LogWindows: Error: [Callstack] 0x00007ffc4adcf985 UE4Editor-Engine.dll!UnknownFunction []
[2020.10.28-18.28.28:811][221]LogWindows: Error: [Callstack] 0x00007ffc4ade8bdb UE4Editor-Engine.dll!UnknownFunction []
[2020.10.28-18.28.28:811][221]LogWindows: Error: [Callstack] 0x00007ffc4adee373 UE4Editor-Engine.dll!UnknownFunction []
[2020.10.28-18.28.28:811][221]LogWindows: Error: [Callstack] 0x00007ffc4b967eee UE4Editor-Engine.dll!UnknownFunction []
[2020.10.28-18.28.28:811][221]LogWindows: Error: [Callstack] 0x00007ffc4adeeeb5 UE4Editor-Engine.dll!UnknownFunction []
[2020.10.28-18.28.28:811][221]LogWindows: Error: [Callstack] 0x00007ffc47891d49 UE4Editor-UnrealEd.dll!UnknownFunction []
[2020.10.28-18.28.28:811][221]LogWindows: Error: [Callstack] 0x00007ffc478b20f6 UE4Editor-UnrealEd.dll!UnknownFunction []
[2020.10.28-18.28.28:811][221]LogWindows: Error: [Callstack] 0x00007ffc478ccb75 UE4Editor-UnrealEd.dll!UnknownFunction []
[2020.10.28-18.28.28:811][221]LogWindows: Error: [Callstack] 0x00007ffc4739a645 UE4Editor-UnrealEd.dll!UnknownFunction []
[2020.10.28-18.28.28:811][221]LogWindows: Error: [Callstack] 0x00007ffc47bfdd66 UE4Editor-UnrealEd.dll!UnknownFunction []
[2020.10.28-18.28.28:811][221]LogWindows: Error: [Callstack] 0x00007ff72eca7f62 UE4Editor.exe!UnknownFunction []
[2020.10.28-18.28.28:811][221]LogWindows: Error: [Callstack] 0x00007ff72ecbc3ec UE4Editor.exe!UnknownFunction []
[2020.10.28-18.28.28:811][221]LogWindows: Error: [Callstack] 0x00007ff72ecbc4ca UE4Editor.exe!UnknownFunction []
[2020.10.28-18.28.28:811][221]LogWindows: Error: [Callstack] 0x00007ff72eccceae UE4Editor.exe!UnknownFunction []
[2020.10.28-18.28.28:811][221]LogWindows: Error: [Callstack] 0x00007ff72eccfcbe UE4Editor.exe!UnknownFunction []
[2020.10.28-18.28.28:811][221]LogWindows: Error: [Callstack] 0x00007ffcb8317034 KERNEL32.DLL!UnknownFunction []
[2020.10.28-18.28.28:811][221]LogWindows: Error: [Callstack] 0x00007ffcb969cec1 ntdll.dll!UnknownFunction []
[2020.10.28-18.28.28:811][221]LogWindows: Error: 
[2020.10.28-18.28.28:873][221]LogExit: Executing StaticShutdownAfterError
[2020.10.28-18.28.28:877][221]LogWindows: FPlatformMisc::RequestExit(1)
[2020.10.28-18.28.28:877][221]LogCore: Engine exit requested (reason: Win RequestExit)
[2020.10.28-18.28.28:908][221]Log file closed, 10/28/20 13:28:28
